<?xml version="1.0" encoding="UTF-8"?>
<coverage generated="1458579540">
  <project timestamp="1458579540">
    <file name="C:\wamp64\www\cinews\application/controllers/Account.php">
      <class name="Account" namespace="global">
        <metrics complexity="43" methods="8" coveredmethods="1" conditionals="0" coveredconditionals="0" statements="193" coveredstatements="73" elements="201" coveredelements="74"/>
      </class>
      <line num="2" type="stmt" count="1"/>
      <line num="13" type="method" name="__construct" visibility="public" complexity="1" crap="1" count="7"/>
      <line num="14" type="stmt" count="7"/>
      <line num="15" type="stmt" count="7"/>
      <line num="16" type="stmt" count="7"/>
      <line num="24" type="method" name="index" visibility="public" complexity="10" crap="76.99" count="2"/>
      <line num="25" type="stmt" count="1"/>
      <line num="27" type="stmt" count="1"/>
      <line num="28" type="stmt" count="1"/>
      <line num="29" type="stmt" count="0"/>
      <line num="32" type="stmt" count="0"/>
      <line num="33" type="stmt" count="0"/>
      <line num="34" type="stmt" count="1"/>
      <line num="35" type="stmt" count="1"/>
      <line num="36" type="stmt" count="0"/>
      <line num="38" type="stmt" count="0"/>
      <line num="40" type="stmt" count="0"/>
      <line num="41" type="stmt" count="0"/>
      <line num="43" type="stmt" count="0"/>
      <line num="44" type="stmt" count="0"/>
      <line num="45" type="stmt" count="0"/>
      <line num="47" type="stmt" count="0"/>
      <line num="48" type="stmt" count="0"/>
      <line num="49" type="stmt" count="0"/>
      <line num="52" type="stmt" count="0"/>
      <line num="53" type="stmt" count="0"/>
      <line num="55" type="stmt" count="0"/>
      <line num="56" type="stmt" count="0"/>
      <line num="58" type="stmt" count="0"/>
      <line num="59" type="stmt" count="0"/>
      <line num="61" type="stmt" count="1"/>
      <line num="63" type="stmt" count="0"/>
      <line num="64" type="stmt" count="0"/>
      <line num="65" type="stmt" count="0"/>
      <line num="66" type="stmt" count="0"/>
      <line num="68" type="stmt" count="0"/>
      <line num="69" type="stmt" count="0"/>
      <line num="71" type="stmt" count="0"/>
      <line num="72" type="stmt" count="0"/>
      <line num="73" type="stmt" count="0"/>
      <line num="74" type="stmt" count="0"/>
      <line num="75" type="stmt" count="2"/>
      <line num="77" type="stmt" count="0"/>
      <line num="78" type="stmt" count="0"/>
      <line num="79" type="stmt" count="0"/>
      <line num="80" type="stmt" count="0"/>
      <line num="81" type="stmt" count="0"/>
      <line num="83" type="stmt" count="0"/>
      <line num="84" type="stmt" count="0"/>
      <line num="85" type="stmt" count="0"/>
      <line num="86" type="stmt" count="0"/>
      <line num="87" type="stmt" count="0"/>
      <line num="88" type="stmt" count="0"/>
      <line num="89" type="stmt" count="0"/>
      <line num="92" type="stmt" count="0"/>
      <line num="93" type="stmt" count="0"/>
      <line num="95" type="stmt" count="0"/>
      <line num="96" type="stmt" count="0"/>
      <line num="98" type="stmt" count="0"/>
      <line num="99" type="stmt" count="0"/>
      <line num="100" type="stmt" count="0"/>
      <line num="101" type="stmt" count="0"/>
      <line num="110" type="method" name="signup" visibility="public" complexity="5" crap="6.20" count="1"/>
      <line num="111" type="stmt" count="1"/>
      <line num="113" type="stmt" count="1"/>
      <line num="115" type="stmt" count="1"/>
      <line num="116" type="stmt" count="1"/>
      <line num="117" type="stmt" count="1"/>
      <line num="118" type="stmt" count="1"/>
      <line num="119" type="stmt" count="1"/>
      <line num="120" type="stmt" count="1"/>
      <line num="121" type="stmt" count="1"/>
      <line num="123" type="stmt" count="1"/>
      <line num="124" type="stmt" count="1"/>
      <line num="125" type="stmt" count="0"/>
      <line num="126" type="stmt" count="0"/>
      <line num="128" type="stmt" count="0"/>
      <line num="130" type="stmt" count="1"/>
      <line num="131" type="stmt" count="0"/>
      <line num="133" type="stmt" count="0"/>
      <line num="134" type="stmt" count="0"/>
      <line num="136" type="stmt" count="0"/>
      <line num="138" type="stmt" count="0"/>
      <line num="139" type="stmt" count="1"/>
      <line num="140" type="stmt" count="1"/>
      <line num="150" type="method" name="activate" visibility="public" complexity="8" crap="30.51" count="1"/>
      <line num="151" type="stmt" count="1"/>
      <line num="152" type="stmt" count="1"/>
      <line num="154" type="stmt" count="1"/>
      <line num="155" type="stmt" count="1"/>
      <line num="156" type="stmt" count="1"/>
      <line num="158" type="stmt" count="1"/>
      <line num="159" type="stmt" count="1"/>
      <line num="160" type="stmt" count="1"/>
      <line num="162" type="stmt" count="1"/>
      <line num="163" type="stmt" count="1"/>
      <line num="164" type="stmt" count="0"/>
      <line num="167" type="stmt" count="0"/>
      <line num="168" type="stmt" count="0"/>
      <line num="170" type="stmt" count="0"/>
      <line num="171" type="stmt" count="0"/>
      <line num="172" type="stmt" count="0"/>
      <line num="174" type="stmt" count="0"/>
      <line num="175" type="stmt" count="0"/>
      <line num="176" type="stmt" count="0"/>
      <line num="179" type="stmt" count="0"/>
      <line num="180" type="stmt" count="0"/>
      <line num="181" type="stmt" count="0"/>
      <line num="182" type="stmt" count="0"/>
      <line num="183" type="stmt" count="0"/>
      <line num="185" type="stmt" count="0"/>
      <line num="186" type="stmt" count="0"/>
      <line num="187" type="stmt" count="0"/>
      <line num="189" type="stmt" count="0"/>
      <line num="190" type="stmt" count="0"/>
      <line num="192" type="stmt" count="0"/>
      <line num="193" type="stmt" count="0"/>
      <line num="194" type="stmt" count="0"/>
      <line num="198" type="stmt" count="0"/>
      <line num="199" type="stmt" count="0"/>
      <line num="207" type="method" name="login" visibility="public" complexity="5" crap="8.90" count="1"/>
      <line num="208" type="stmt" count="1"/>
      <line num="210" type="stmt" count="1"/>
      <line num="211" type="stmt" count="1"/>
      <line num="213" type="stmt" count="1"/>
      <line num="214" type="stmt" count="0"/>
      <line num="215" type="stmt" count="0"/>
      <line num="217" type="stmt" count="0"/>
      <line num="218" type="stmt" count="0"/>
      <line num="220" type="stmt" count="1"/>
      <line num="221" type="stmt" count="0"/>
      <line num="222" type="stmt" count="0"/>
      <line num="225" type="stmt" count="1"/>
      <line num="226" type="stmt" count="0"/>
      <line num="234" type="method" name="logout" visibility="public" complexity="1" crap="1.04" count="1"/>
      <line num="235" type="stmt" count="1"/>
      <line num="236" type="stmt" count="1"/>
      <line num="237" type="stmt" count="0"/>
      <line num="243" type="method" name="retrieve" visibility="public" complexity="5" crap="5.52" count="1"/>
      <line num="244" type="stmt" count="1"/>
      <line num="246" type="stmt" count="1"/>
      <line num="247" type="stmt" count="1"/>
      <line num="248" type="stmt" count="1"/>
      <line num="250" type="stmt" count="1"/>
      <line num="251" type="stmt" count="1"/>
      <line num="252" type="stmt" count="1"/>
      <line num="253" type="stmt" count="1"/>
      <line num="255" type="stmt" count="1"/>
      <line num="256" type="stmt" count="1"/>
      <line num="257" type="stmt" count="0"/>
      <line num="260" type="stmt" count="1"/>
      <line num="262" type="stmt" count="1"/>
      <line num="263" type="stmt" count="1"/>
      <line num="265" type="stmt" count="1"/>
      <line num="266" type="stmt" count="1"/>
      <line num="267" type="stmt" count="1"/>
      <line num="269" type="stmt" count="1"/>
      <line num="270" type="stmt" count="1"/>
      <line num="271" type="stmt" count="1"/>
      <line num="273" type="stmt" count="1"/>
      <line num="274" type="stmt" count="1"/>
      <line num="275" type="stmt" count="0"/>
      <line num="277" type="stmt" count="0"/>
      <line num="278" type="stmt" count="0"/>
      <line num="280" type="stmt" count="0"/>
      <line num="283" type="stmt" count="0"/>
      <line num="285" type="stmt" count="0"/>
      <line num="286" type="stmt" count="0"/>
      <line num="293" type="method" name="reset" visibility="public" complexity="8" crap="29.67" count="1"/>
      <line num="294" type="stmt" count="1"/>
      <line num="295" type="stmt" count="1"/>
      <line num="297" type="stmt" count="1"/>
      <line num="298" type="stmt" count="1"/>
      <line num="299" type="stmt" count="1"/>
      <line num="301" type="stmt" count="1"/>
      <line num="302" type="stmt" count="1"/>
      <line num="303" type="stmt" count="1"/>
      <line num="305" type="stmt" count="1"/>
      <line num="306" type="stmt" count="1"/>
      <line num="307" type="stmt" count="0"/>
      <line num="310" type="stmt" count="0"/>
      <line num="311" type="stmt" count="0"/>
      <line num="313" type="stmt" count="0"/>
      <line num="314" type="stmt" count="0"/>
      <line num="315" type="stmt" count="0"/>
      <line num="317" type="stmt" count="0"/>
      <line num="318" type="stmt" count="0"/>
      <line num="319" type="stmt" count="0"/>
      <line num="322" type="stmt" count="0"/>
      <line num="323" type="stmt" count="0"/>
      <line num="325" type="stmt" count="0"/>
      <line num="326" type="stmt" count="0"/>
      <line num="328" type="stmt" count="0"/>
      <line num="329" type="stmt" count="0"/>
      <line num="330" type="stmt" count="0"/>
      <line num="332" type="stmt" count="0"/>
      <line num="333" type="stmt" count="0"/>
      <line num="335" type="stmt" count="0"/>
      <line num="336" type="stmt" count="0"/>
      <line num="337" type="stmt" count="0"/>
      <line num="341" type="stmt" count="0"/>
      <line num="342" type="stmt" count="0"/>
      <metrics loc="342" ncloc="294" classes="1" methods="8" coveredmethods="1" conditionals="0" coveredconditionals="0" statements="194" coveredstatements="74" elements="202" coveredelements="75"/>
    </file>
    <file name="C:\wamp64\www\cinews\application/controllers/Home.php">
      <class name="Home" namespace="global">
        <metrics complexity="3" methods="2" coveredmethods="1" conditionals="0" coveredconditionals="0" statements="11" coveredstatements="9" elements="13" coveredelements="10"/>
      </class>
      <line num="2" type="stmt" count="1"/>
      <line num="14" type="method" name="__construct" visibility="public" complexity="1" crap="1" count="1"/>
      <line num="15" type="stmt" count="1"/>
      <line num="16" type="stmt" count="1"/>
      <line num="23" type="method" name="index" visibility="public" complexity="2" crap="2.04" count="1"/>
      <line num="24" type="stmt" count="1"/>
      <line num="25" type="stmt" count="1"/>
      <line num="26" type="stmt" count="1"/>
      <line num="27" type="stmt" count="1"/>
      <line num="28" type="stmt" count="1"/>
      <line num="29" type="stmt" count="1"/>
      <line num="30" type="stmt" count="0"/>
      <line num="31" type="stmt" count="0"/>
      <line num="33" type="stmt" count="1"/>
      <metrics loc="33" ncloc="19" classes="1" methods="2" coveredmethods="1" conditionals="0" coveredconditionals="0" statements="12" coveredstatements="10" elements="14" coveredelements="11"/>
    </file>
    <file name="C:\wamp64\www\cinews\application/controllers/News.php">
      <class name="News" namespace="global">
        <metrics complexity="14" methods="8" coveredmethods="4" conditionals="0" coveredconditionals="0" statements="75" coveredstatements="46" elements="83" coveredelements="50"/>
      </class>
      <line num="2" type="stmt" count="1"/>
      <line num="15" type="method" name="__construct" visibility="public" complexity="1" crap="1" count="6"/>
      <line num="16" type="stmt" count="6"/>
      <line num="17" type="stmt" count="6"/>
      <line num="18" type="stmt" count="6"/>
      <line num="25" type="method" name="index" visibility="public" complexity="2" crap="2.50" count="1"/>
      <line num="26" type="stmt" count="1"/>
      <line num="27" type="stmt" count="1"/>
      <line num="28" type="stmt" count="1"/>
      <line num="30" type="stmt" count="1"/>
      <line num="31" type="stmt" count="1"/>
      <line num="32" type="stmt" count="0"/>
      <line num="34" type="stmt" count="0"/>
      <line num="35" type="stmt" count="0"/>
      <line num="36" type="stmt" count="0"/>
      <line num="37" type="stmt" count="0"/>
      <line num="45" type="method" name="category" visibility="public" complexity="1" crap="1" count="2"/>
      <line num="47" type="stmt" count="1"/>
      <line num="48" type="stmt" count="1"/>
      <line num="50" type="stmt" count="1"/>
      <line num="51" type="stmt" count="2"/>
      <line num="53" type="stmt" count="1"/>
      <line num="54" type="stmt" count="1"/>
      <line num="62" type="method" name="tag" visibility="public" complexity="1" crap="1" count="2"/>
      <line num="64" type="stmt" count="1"/>
      <line num="65" type="stmt" count="1"/>
      <line num="67" type="stmt" count="1"/>
      <line num="68" type="stmt" count="1"/>
      <line num="70" type="stmt" count="1"/>
      <line num="71" type="stmt" count="2"/>
      <line num="78" type="method" name="search" visibility="public" complexity="4" crap="7.73" count="1"/>
      <line num="79" type="stmt" count="1"/>
      <line num="80" type="stmt" count="1"/>
      <line num="81" type="stmt" count="1"/>
      <line num="83" type="stmt" count="1"/>
      <line num="84" type="stmt" count="1"/>
      <line num="85" type="stmt" count="0"/>
      <line num="88" type="stmt" count="0"/>
      <line num="89" type="stmt" count="0"/>
      <line num="90" type="stmt" count="0"/>
      <line num="91" type="stmt" count="0"/>
      <line num="92" type="stmt" count="0"/>
      <line num="94" type="stmt" count="0"/>
      <line num="95" type="stmt" count="0"/>
      <line num="101" type="method" name="rss" visibility="public" complexity="1" crap="1" count="1"/>
      <line num="102" type="stmt" count="1"/>
      <line num="103" type="stmt" count="1"/>
      <line num="105" type="stmt" count="1"/>
      <line num="107" type="stmt" count="1"/>
      <line num="108" type="stmt" count="1"/>
      <line num="109" type="stmt" count="1"/>
      <line num="111" type="stmt" count="1"/>
      <line num="112" type="stmt" count="1"/>
      <line num="118" type="method" name="detail" visibility="public" complexity="2" crap="2.00" count="2"/>
      <line num="119" type="stmt" count="1"/>
      <line num="120" type="stmt" count="1"/>
      <line num="121" type="stmt" count="1"/>
      <line num="122" type="stmt" count="1"/>
      <line num="124" type="stmt" count="1"/>
      <line num="125" type="stmt" count="1"/>
      <line num="126" type="stmt" count="0"/>
      <line num="129" type="stmt" count="1"/>
      <line num="130" type="stmt" count="1"/>
      <line num="131" type="stmt" count="1"/>
      <line num="133" type="stmt" count="2"/>
      <line num="134" type="stmt" count="1"/>
      <line num="140" type="method" name="pdf" visibility="public" complexity="2" crap="4.75" count="1"/>
      <line num="141" type="stmt" count="0"/>
      <line num="142" type="stmt" count="0"/>
      <line num="143" type="stmt" count="1"/>
      <line num="144" type="stmt" count="1"/>
      <line num="146" type="stmt" count="0"/>
      <line num="147" type="stmt" count="0"/>
      <line num="148" type="stmt" count="0"/>
      <line num="151" type="stmt" count="0"/>
      <line num="152" type="stmt" count="0"/>
      <line num="153" type="stmt" count="0"/>
      <line num="154" type="stmt" count="0"/>
      <line num="155" type="stmt" count="0"/>
      <line num="156" type="stmt" count="0"/>
      <line num="158" type="stmt" count="0"/>
      <line num="159" type="stmt" count="0"/>
      <line num="160" type="stmt" count="0"/>
      <line num="161" type="stmt" count="0"/>
      <metrics loc="161" ncloc="113" classes="1" methods="8" coveredmethods="4" conditionals="0" coveredconditionals="0" statements="76" coveredstatements="47" elements="84" coveredelements="51"/>
    </file>
    <file name="C:\wamp64\www\cinews\application/controllers/Post.php">
      <class name="Post" namespace="global">
        <metrics complexity="14" methods="4" coveredmethods="0" conditionals="0" coveredconditionals="0" statements="75" coveredstatements="3" elements="79" coveredelements="3"/>
      </class>
      <line num="2" type="stmt" count="1"/>
      <line num="15" type="method" name="__construct" visibility="public" complexity="2" crap="2.50" count="3"/>
      <line num="16" type="stmt" count="3"/>
      <line num="18" type="stmt" count="3"/>
      <line num="19" type="stmt" count="3"/>
      <line num="20" type="stmt" count="0"/>
      <line num="23" type="stmt" count="0"/>
      <line num="24" type="stmt" count="0"/>
      <line num="31" type="method" name="index" visibility="public" complexity="1" crap="2" count="0"/>
      <line num="32" type="stmt" count="0"/>
      <line num="33" type="stmt" count="0"/>
      <line num="35" type="stmt" count="0"/>
      <line num="36" type="stmt" count="0"/>
      <line num="43" type="method" name="add" visibility="public" complexity="7" crap="56" count="0"/>
      <line num="44" type="stmt" count="0"/>
      <line num="46" type="stmt" count="0"/>
      <line num="47" type="stmt" count="0"/>
      <line num="49" type="stmt" count="0"/>
      <line num="51" type="stmt" count="0"/>
      <line num="52" type="stmt" count="0"/>
      <line num="54" type="stmt" count="0"/>
      <line num="56" type="stmt" count="0"/>
      <line num="57" type="stmt" count="0"/>
      <line num="58" type="stmt" count="0"/>
      <line num="59" type="stmt" count="0"/>
      <line num="60" type="stmt" count="0"/>
      <line num="61" type="stmt" count="0"/>
      <line num="63" type="stmt" count="0"/>
      <line num="65" type="stmt" count="0"/>
      <line num="66" type="stmt" count="0"/>
      <line num="67" type="stmt" count="0"/>
      <line num="69" type="stmt" count="0"/>
      <line num="70" type="stmt" count="0"/>
      <line num="71" type="stmt" count="0"/>
      <line num="72" type="stmt" count="0"/>
      <line num="73" type="stmt" count="0"/>
      <line num="74" type="stmt" count="0"/>
      <line num="75" type="stmt" count="0"/>
      <line num="76" type="stmt" count="0"/>
      <line num="77" type="stmt" count="0"/>
      <line num="78" type="stmt" count="0"/>
      <line num="79" type="stmt" count="0"/>
      <line num="80" type="stmt" count="0"/>
      <line num="81" type="stmt" count="0"/>
      <line num="82" type="stmt" count="0"/>
      <line num="83" type="stmt" count="0"/>
      <line num="84" type="stmt" count="0"/>
      <line num="85" type="stmt" count="0"/>
      <line num="86" type="stmt" count="0"/>
      <line num="88" type="stmt" count="0"/>
      <line num="89" type="stmt" count="0"/>
      <line num="90" type="stmt" count="0"/>
      <line num="91" type="stmt" count="0"/>
      <line num="92" type="stmt" count="0"/>
      <line num="93" type="stmt" count="0"/>
      <line num="94" type="stmt" count="0"/>
      <line num="95" type="stmt" count="0"/>
      <line num="97" type="stmt" count="0"/>
      <line num="98" type="stmt" count="0"/>
      <line num="100" type="stmt" count="0"/>
      <line num="101" type="stmt" count="0"/>
      <line num="103" type="stmt" count="0"/>
      <line num="104" type="stmt" count="0"/>
      <line num="105" type="stmt" count="0"/>
      <line num="107" type="stmt" count="0"/>
      <line num="109" type="stmt" count="0"/>
      <line num="110" type="stmt" count="0"/>
      <line num="118" type="method" name="delete" visibility="public" complexity="4" crap="20" count="0"/>
      <line num="119" type="stmt" count="0"/>
      <line num="120" type="stmt" count="0"/>
      <line num="122" type="stmt" count="0"/>
      <line num="123" type="stmt" count="0"/>
      <line num="124" type="stmt" count="0"/>
      <line num="125" type="stmt" count="0"/>
      <line num="126" type="stmt" count="0"/>
      <line num="128" type="stmt" count="0"/>
      <line num="129" type="stmt" count="0"/>
      <line num="130" type="stmt" count="0"/>
      <line num="132" type="stmt" count="0"/>
      <line num="133" type="stmt" count="0"/>
      <metrics loc="133" ncloc="107" classes="1" methods="4" coveredmethods="0" conditionals="0" coveredconditionals="0" statements="76" coveredstatements="4" elements="80" coveredelements="4"/>
    </file>
    <file name="C:\wamp64\www\cinews\application/helpers/MY_email_helper.php">
      <line num="3" type="stmt" count="1"/>
      <line num="24" type="stmt" count="2"/>
      <line num="27" type="stmt" count="2"/>
      <line num="30" type="stmt" count="2"/>
      <line num="32" type="stmt" count="2"/>
      <line num="33" type="stmt" count="2"/>
      <line num="34" type="stmt" count="2"/>
      <line num="35" type="stmt" count="0"/>
      <line num="37" type="stmt" count="2"/>
      <line num="39" type="stmt" count="0"/>
      <line num="40" type="stmt" count="0"/>
      <line num="42" type="stmt" count="0"/>
      <line num="43" type="stmt" count="0"/>
      <line num="44" type="stmt" count="0"/>
      <line num="45" type="stmt" count="0"/>
      <line num="48" type="stmt" count="2"/>
      <line num="50" type="stmt" count="2"/>
      <line num="57" type="stmt" count="2"/>
      <line num="59" type="stmt" count="2"/>
      <line num="60" type="stmt" count="2"/>
      <line num="61" type="stmt" count="2"/>
      <line num="62" type="stmt" count="2"/>
      <line num="63" type="stmt" count="2"/>
      <line num="64" type="stmt" count="2"/>
      <line num="65" type="stmt" count="2"/>
      <line num="66" type="stmt" count="2"/>
      <line num="68" type="stmt" count="2"/>
      <line num="69" type="stmt" count="0"/>
      <line num="71" type="stmt" count="0"/>
      <line num="73" type="stmt" count="0"/>
      <line num="74" type="stmt" count="0"/>
      <line num="75" type="stmt" count="0"/>
      <line num="76" type="stmt" count="0"/>
      <line num="77" type="stmt" count="0"/>
      <line num="78" type="stmt" count="0"/>
      <line num="79" type="stmt" count="0"/>
      <line num="80" type="stmt" count="0"/>
      <line num="81" type="stmt" count="0"/>
      <line num="83" type="stmt" count="0"/>
      <line num="84" type="stmt" count="0"/>
      <line num="89" type="stmt" count="0"/>
      <line num="91" type="stmt" count="0"/>
      <line num="93" type="stmt" count="0"/>
      <line num="94" type="stmt" count="0"/>
      <line num="97" type="stmt" count="0"/>
      <line num="98" type="stmt" count="0"/>
      <line num="99" type="stmt" count="0"/>
      <line num="100" type="stmt" count="0"/>
      <line num="101" type="stmt" count="0"/>
      <line num="102" type="stmt" count="0"/>
      <line num="103" type="stmt" count="0"/>
      <line num="106" type="stmt" count="1"/>
      <line num="108" type="stmt" count="1"/>
      <line num="111" type="stmt" count="0"/>
      <line num="114" type="stmt" count="1"/>
      <metrics loc="114" ncloc="64" classes="0" methods="0" coveredmethods="0" conditionals="0" coveredconditionals="0" statements="55" coveredstatements="23" elements="55" coveredelements="23"/>
    </file>
    <file name="C:\wamp64\www\cinews\application/helpers/post_helper.php">
      <line num="17" type="stmt" count="1"/>
      <line num="18" type="stmt" count="1"/>
      <line num="19" type="stmt" count="1"/>
      <line num="29" type="stmt" count="5"/>
      <line num="30" type="stmt" count="5"/>
      <line num="31" type="stmt" count="5"/>
      <line num="42" type="stmt" count="1"/>
      <line num="43" type="stmt" count="1"/>
      <line num="44" type="stmt" count="1"/>
      <line num="55" type="stmt" count="0"/>
      <line num="56" type="stmt" count="5"/>
      <line num="57" type="stmt" count="0"/>
      <metrics loc="58" ncloc="34" classes="0" methods="0" coveredmethods="0" conditionals="0" coveredconditionals="0" statements="12" coveredstatements="10" elements="12" coveredelements="10"/>
    </file>
    <file name="C:\wamp64\www\cinews\application/helpers/user_helper.php">
      <line num="16" type="stmt" count="12"/>
      <line num="17" type="stmt" count="12"/>
      <line num="23" type="stmt" count="2"/>
      <line num="42" type="stmt" count="4"/>
      <line num="43" type="stmt" count="4"/>
      <line num="44" type="stmt" count="4"/>
      <line num="45" type="stmt" count="4"/>
      <line num="46" type="stmt" count="0"/>
      <line num="47" type="stmt" count="0"/>
      <line num="48" type="stmt" count="0"/>
      <line num="49" type="stmt" count="0"/>
      <line num="50" type="stmt" count="0"/>
      <line num="51" type="stmt" count="4"/>
      <line num="62" type="stmt" count="4"/>
      <line num="63" type="stmt" count="4"/>
      <line num="64" type="stmt" count="4"/>
      <metrics loc="65" ncloc="39" classes="0" methods="0" coveredmethods="0" conditionals="0" coveredconditionals="0" statements="16" coveredstatements="11" elements="16" coveredelements="11"/>
    </file>
    <file name="C:\wamp64\www\cinews\application/helpers/utility_helper.php">
      <line num="16" type="stmt" count="5"/>
      <line num="17" type="stmt" count="5"/>
      <line num="18" type="stmt" count="5"/>
      <line num="19" type="stmt" count="5"/>
      <line num="20" type="stmt" count="5"/>
      <metrics loc="21" ncloc="12" classes="0" methods="0" coveredmethods="0" conditionals="0" coveredconditionals="0" statements="5" coveredstatements="5" elements="5" coveredelements="5"/>
    </file>
    <file name="C:\wamp64\www\cinews\application/libraries/MY_Email.php">
      <class name="MY_Email" namespace="global" fullPackage="MY">
        <metrics complexity="132" methods="32" coveredmethods="9" conditionals="0" coveredconditionals="0" statements="405" coveredstatements="246" elements="437" coveredelements="255"/>
      </class>
      <line num="34" type="method" name="__construct" visibility="public" complexity="4" crap="4.05" count="2"/>
      <line num="36" type="stmt" count="2"/>
      <line num="38" type="stmt" count="2"/>
      <line num="39" type="stmt" count="2"/>
      <line num="40" type="stmt" count="2"/>
      <line num="42" type="stmt" count="2"/>
      <line num="43" type="stmt" count="0"/>
      <line num="44" type="stmt" count="0"/>
      <line num="46" type="stmt" count="2"/>
      <line num="48" type="stmt" count="2"/>
      <line num="49" type="stmt" count="2"/>
      <line num="50" type="stmt" count="2"/>
      <line num="52" type="stmt" count="2"/>
      <line num="54" type="stmt" count="2"/>
      <line num="55" type="stmt" count="2"/>
      <line num="85" type="method" name="initialize" visibility="public" complexity="6" crap="6.34" count="2"/>
      <line num="87" type="stmt" count="2"/>
      <line num="88" type="stmt" count="0"/>
      <line num="89" type="stmt" count="0"/>
      <line num="91" type="stmt" count="2"/>
      <line num="92" type="stmt" count="0"/>
      <line num="93" type="stmt" count="0"/>
      <line num="95" type="stmt" count="2"/>
      <line num="96" type="stmt" count="2"/>
      <line num="98" type="stmt" count="2"/>
      <line num="99" type="stmt" count="2"/>
      <line num="100" type="stmt" count="2"/>
      <line num="102" type="stmt" count="2"/>
      <line num="103" type="stmt" count="2"/>
      <line num="105" type="stmt" count="2"/>
      <line num="106" type="stmt" count="2"/>
      <line num="107" type="stmt" count="2"/>
      <line num="109" type="stmt" count="2"/>
      <line num="111" type="stmt" count="2"/>
      <line num="113" type="stmt" count="2"/>
      <line num="116" type="method" name="clear" visibility="public" complexity="3" crap="3" count="2"/>
      <line num="118" type="stmt" count="2"/>
      <line num="120" type="stmt" count="2"/>
      <line num="122" type="stmt" count="2"/>
      <line num="124" type="stmt" count="2"/>
      <line num="125" type="stmt" count="2"/>
      <line num="126" type="stmt" count="2"/>
      <line num="127" type="stmt" count="2"/>
      <line num="128" type="stmt" count="2"/>
      <line num="130" type="stmt" count="2"/>
      <line num="132" type="stmt" count="2"/>
      <line num="133" type="stmt" count="2"/>
      <line num="134" type="stmt" count="2"/>
      <line num="135" type="stmt" count="2"/>
      <line num="137" type="stmt" count="2"/>
      <line num="143" type="method" name="from" visibility="public" complexity="7" crap="8.81" count="2"/>
      <line num="145" type="stmt" count="2"/>
      <line num="146" type="stmt" count="2"/>
      <line num="147" type="stmt" count="2"/>
      <line num="149" type="stmt" count="2"/>
      <line num="151" type="stmt" count="2"/>
      <line num="152" type="stmt" count="0"/>
      <line num="153" type="stmt" count="0"/>
      <line num="155" type="stmt" count="2"/>
      <line num="157" type="stmt" count="2"/>
      <line num="159" type="stmt" count="2"/>
      <line num="160" type="stmt" count="0"/>
      <line num="161" type="stmt" count="0"/>
      <line num="162" type="stmt" count="2"/>
      <line num="164" type="stmt" count="2"/>
      <line num="166" type="stmt" count="2"/>
      <line num="167" type="stmt" count="2"/>
      <line num="168" type="stmt" count="2"/>
      <line num="170" type="stmt" count="2"/>
      <line num="172" type="stmt" count="2"/>
      <line num="174" type="stmt" count="0"/>
      <line num="175" type="stmt" count="0"/>
      <line num="176" type="stmt" count="0"/>
      <line num="177" type="stmt" count="0"/>
      <line num="181" type="stmt" count="2"/>
      <line num="184" type="method" name="reply_to" visibility="public" complexity="5" crap="30" count="0"/>
      <line num="186" type="stmt" count="0"/>
      <line num="187" type="stmt" count="0"/>
      <line num="189" type="stmt" count="0"/>
      <line num="191" type="stmt" count="0"/>
      <line num="192" type="stmt" count="0"/>
      <line num="193" type="stmt" count="0"/>
      <line num="195" type="stmt" count="0"/>
      <line num="196" type="stmt" count="0"/>
      <line num="197" type="stmt" count="0"/>
      <line num="199" type="stmt" count="0"/>
      <line num="200" type="stmt" count="0"/>
      <line num="201" type="stmt" count="0"/>
      <line num="203" type="stmt" count="0"/>
      <line num="205" type="stmt" count="0"/>
      <line num="207" type="stmt" count="0"/>
      <line num="209" type="stmt" count="0"/>
      <line num="212" type="stmt" count="0"/>
      <line num="215" type="method" name="to" visibility="public" complexity="4" crap="4.00" count="2"/>
      <line num="217" type="stmt" count="2"/>
      <line num="219" type="stmt" count="2"/>
      <line num="220" type="stmt" count="2"/>
      <line num="221" type="stmt" count="2"/>
      <line num="223" type="stmt" count="2"/>
      <line num="224" type="stmt" count="2"/>
      <line num="225" type="stmt" count="2"/>
      <line num="227" type="stmt" count="2"/>
      <line num="229" type="stmt" count="2"/>
      <line num="231" type="stmt" count="2"/>
      <line num="232" type="stmt" count="2"/>
      <line num="233" type="stmt" count="2"/>
      <line num="235" type="stmt" count="2"/>
      <line num="237" type="stmt" count="0"/>
      <line num="240" type="stmt" count="2"/>
      <line num="243" type="method" name="cc" visibility="public" complexity="4" crap="20" count="0"/>
      <line num="245" type="stmt" count="0"/>
      <line num="247" type="stmt" count="0"/>
      <line num="248" type="stmt" count="0"/>
      <line num="249" type="stmt" count="0"/>
      <line num="251" type="stmt" count="0"/>
      <line num="252" type="stmt" count="0"/>
      <line num="253" type="stmt" count="0"/>
      <line num="255" type="stmt" count="0"/>
      <line num="257" type="stmt" count="0"/>
      <line num="259" type="stmt" count="0"/>
      <line num="260" type="stmt" count="0"/>
      <line num="261" type="stmt" count="0"/>
      <line num="263" type="stmt" count="0"/>
      <line num="265" type="stmt" count="0"/>
      <line num="268" type="stmt" count="0"/>
      <line num="271" type="method" name="bcc" visibility="public" complexity="4" crap="20" count="0"/>
      <line num="273" type="stmt" count="0"/>
      <line num="275" type="stmt" count="0"/>
      <line num="276" type="stmt" count="0"/>
      <line num="277" type="stmt" count="0"/>
      <line num="279" type="stmt" count="0"/>
      <line num="280" type="stmt" count="0"/>
      <line num="281" type="stmt" count="0"/>
      <line num="283" type="stmt" count="0"/>
      <line num="285" type="stmt" count="0"/>
      <line num="287" type="stmt" count="0"/>
      <line num="288" type="stmt" count="0"/>
      <line num="289" type="stmt" count="0"/>
      <line num="291" type="stmt" count="0"/>
      <line num="293" type="stmt" count="0"/>
      <line num="296" type="stmt" count="0"/>
      <line num="299" type="method" name="subject" visibility="public" complexity="2" crap="2.02" count="2"/>
      <line num="301" type="stmt" count="2"/>
      <line num="303" type="stmt" count="2"/>
      <line num="305" type="stmt" count="2"/>
      <line num="307" type="stmt" count="2"/>
      <line num="309" type="stmt" count="0"/>
      <line num="312" type="stmt" count="2"/>
      <line num="315" type="method" name="message" visibility="public" complexity="2" crap="2" count="2"/>
      <line num="317" type="stmt" count="2"/>
      <line num="319" type="stmt" count="2"/>
      <line num="321" type="stmt" count="2"/>
      <line num="322" type="stmt" count="2"/>
      <line num="324" type="stmt" count="2"/>
      <line num="326" type="stmt" count="2"/>
      <line num="331" type="method" name="attach" visibility="public" complexity="11" crap="132" count="0"/>
      <line num="334" type="stmt" count="0"/>
      <line num="336" type="stmt" count="0"/>
      <line num="338" type="stmt" count="0"/>
      <line num="339" type="stmt" count="0"/>
      <line num="340" type="stmt" count="0"/>
      <line num="342" type="stmt" count="0"/>
      <line num="344" type="stmt" count="0"/>
      <line num="346" type="stmt" count="0"/>
      <line num="347" type="stmt" count="0"/>
      <line num="349" type="stmt" count="0"/>
      <line num="351" type="stmt" count="0"/>
      <line num="353" type="stmt" count="0"/>
      <line num="355" type="stmt" count="0"/>
      <line num="357" type="stmt" count="0"/>
      <line num="360" type="stmt" count="0"/>
      <line num="364" type="stmt" count="0"/>
      <line num="366" type="stmt" count="0"/>
      <line num="369" type="stmt" count="0"/>
      <line num="373" type="stmt" count="0"/>
      <line num="374" type="stmt" count="0"/>
      <line num="375" type="stmt" count="0"/>
      <line num="377" type="stmt" count="0"/>
      <line num="378" type="stmt" count="0"/>
      <line num="379" type="stmt" count="0"/>
      <line num="380" type="stmt" count="0"/>
      <line num="383" type="stmt" count="0"/>
      <line num="384" type="stmt" count="0"/>
      <line num="386" type="stmt" count="0"/>
      <line num="390" type="stmt" count="0"/>
      <line num="392" type="stmt" count="0"/>
      <line num="393" type="stmt" count="0"/>
      <line num="394" type="stmt" count="0"/>
      <line num="395" type="stmt" count="0"/>
      <line num="398" type="stmt" count="0"/>
      <line num="401" type="stmt" count="0"/>
      <line num="402" type="stmt" count="0"/>
      <line num="403" type="stmt" count="0"/>
      <line num="404" type="stmt" count="0"/>
      <line num="407" type="stmt" count="0"/>
      <line num="409" type="stmt" count="0"/>
      <line num="410" type="stmt" count="0"/>
      <line num="411" type="stmt" count="0"/>
      <line num="412" type="stmt" count="0"/>
      <line num="416" type="stmt" count="0"/>
      <line num="419" type="method" name="attachment_cid" visibility="public" complexity="5" crap="30" count="0"/>
      <line num="421" type="stmt" count="0"/>
      <line num="423" type="stmt" count="0"/>
      <line num="425" type="stmt" count="0"/>
      <line num="427" type="stmt" count="0"/>
      <line num="428" type="stmt" count="0"/>
      <line num="430" type="stmt" count="0"/>
      <line num="432" type="stmt" count="0"/>
      <line num="434" type="stmt" count="0"/>
      <line num="437" type="stmt" count="0"/>
      <line num="441" type="method" name="get_attachment_cid" visibility="public" complexity="4" crap="20" count="0"/>
      <line num="443" type="stmt" count="0"/>
      <line num="445" type="stmt" count="0"/>
      <line num="446" type="stmt" count="0"/>
      <line num="448" type="stmt" count="0"/>
      <line num="450" type="stmt" count="0"/>
      <line num="454" type="method" name="send" visibility="public" complexity="6" crap="6.66" count="2"/>
      <line num="456" type="stmt" count="2"/>
      <line num="458" type="stmt" count="2"/>
      <line num="460" type="stmt" count="2"/>
      <line num="461" type="stmt" count="2"/>
      <line num="462" type="stmt" count="2"/>
      <line num="464" type="stmt" count="2"/>
      <line num="466" type="stmt" count="2"/>
      <line num="468" type="stmt" count="2"/>
      <line num="470" type="stmt" count="2"/>
      <line num="471" type="stmt" count="2"/>
      <line num="472" type="stmt" count="2"/>
      <line num="474" type="stmt" count="2"/>
      <line num="476" type="stmt" count="0"/>
      <line num="479" type="stmt" count="2"/>
      <line num="481" type="stmt" count="0"/>
      <line num="482" type="stmt" count="0"/>
      <line num="483" type="stmt" count="0"/>
      <line num="484" type="stmt" count="0"/>
      <line num="488" type="stmt" count="2"/>
      <line num="499" type="method" name="set_useragent" visibility="public" complexity="2" crap="2" count="2"/>
      <line num="501" type="stmt" count="2"/>
      <line num="503" type="stmt" count="2"/>
      <line num="504" type="stmt" count="2"/>
      <line num="505" type="stmt" count="2"/>
      <line num="507" type="stmt" count="2"/>
      <line num="510" type="method" name="set_mailer_engine" visibility="public" complexity="7" crap="7" count="2"/>
      <line num="512" type="stmt" count="2"/>
      <line num="514" type="stmt" count="2"/>
      <line num="516" type="stmt" count="2"/>
      <line num="517" type="stmt" count="2"/>
      <line num="518" type="stmt" count="2"/>
      <line num="519" type="stmt" count="0"/>
      <line num="522" type="stmt" count="2"/>
      <line num="524" type="stmt" count="2"/>
      <line num="528" type="stmt" count="2"/>
      <line num="529" type="stmt" count="1"/>
      <line num="530" type="stmt" count="1"/>
      <line num="533" type="stmt" count="2"/>
      <line num="534" type="stmt" count="2"/>
      <line num="535" type="stmt" count="2"/>
      <line num="540" type="stmt" count="2"/>
      <line num="541" type="stmt" count="2"/>
      <line num="542" type="stmt" count="2"/>
      <line num="543" type="stmt" count="2"/>
      <line num="544" type="stmt" count="2"/>
      <line num="545" type="stmt" count="2"/>
      <line num="546" type="stmt" count="2"/>
      <line num="547" type="stmt" count="2"/>
      <line num="548" type="stmt" count="2"/>
      <line num="549" type="stmt" count="2"/>
      <line num="550" type="stmt" count="2"/>
      <line num="551" type="stmt" count="2"/>
      <line num="552" type="stmt" count="2"/>
      <line num="553" type="stmt" count="2"/>
      <line num="554" type="stmt" count="2"/>
      <line num="555" type="stmt" count="2"/>
      <line num="556" type="stmt" count="2"/>
      <line num="558" type="stmt" count="2"/>
      <line num="559" type="stmt" count="2"/>
      <line num="560" type="stmt" count="2"/>
      <line num="561" type="stmt" count="2"/>
      <line num="563" type="stmt" count="2"/>
      <line num="564" type="stmt" count="2"/>
      <line num="566" type="stmt" count="2"/>
      <line num="569" type="method" name="set_protocol" visibility="public" complexity="6" crap="6.07" count="2"/>
      <line num="571" type="stmt" count="2"/>
      <line num="573" type="stmt" count="2"/>
      <line num="575" type="stmt" count="2"/>
      <line num="577" type="stmt" count="2"/>
      <line num="579" type="stmt" count="2"/>
      <line num="580" type="stmt" count="2"/>
      <line num="581" type="stmt" count="2"/>
      <line num="583" type="stmt" count="2"/>
      <line num="584" type="stmt" count="0"/>
      <line num="585" type="stmt" count="0"/>
      <line num="587" type="stmt" count="2"/>
      <line num="588" type="stmt" count="2"/>
      <line num="589" type="stmt" count="2"/>
      <line num="590" type="stmt" count="2"/>
      <line num="591" type="stmt" count="2"/>
      <line num="593" type="stmt" count="2"/>
      <line num="596" type="method" name="set_smtp_crypto" visibility="public" complexity="4" crap="4" count="2"/>
      <line num="598" type="stmt" count="2"/>
      <line num="600" type="stmt" count="2"/>
      <line num="601" type="stmt" count="2"/>
      <line num="602" type="stmt" count="2"/>
      <line num="604" type="stmt" count="2"/>
      <line num="606" type="stmt" count="2"/>
      <line num="607" type="stmt" count="2"/>
      <line num="608" type="stmt" count="2"/>
      <line num="610" type="stmt" count="2"/>
      <line num="613" type="method" name="set_wordwrap" visibility="public" complexity="3" crap="4.68" count="2"/>
      <line num="615" type="stmt" count="2"/>
      <line num="617" type="stmt" count="2"/>
      <line num="619" type="stmt" count="0"/>
      <line num="620" type="stmt" count="0"/>
      <line num="621" type="stmt" count="0"/>
      <line num="622" type="stmt" count="0"/>
      <line num="624" type="stmt" count="2"/>
      <line num="627" type="method" name="set_wrapchars" visibility="public" complexity="5" crap="5.58" count="2"/>
      <line num="629" type="stmt" count="2"/>
      <line num="630" type="stmt" count="2"/>
      <line num="631" type="stmt" count="2"/>
      <line num="633" type="stmt" count="2"/>
      <line num="635" type="stmt" count="2"/>
      <line num="637" type="stmt" count="2"/>
      <line num="639" type="stmt" count="0"/>
      <line num="641" type="stmt" count="0"/>
      <line num="643" type="stmt" count="2"/>
      <line num="644" type="stmt" count="0"/>
      <line num="645" type="stmt" count="0"/>
      <line num="647" type="stmt" count="2"/>
      <line num="649" type="stmt" count="2"/>
      <line num="651" type="stmt" count="2"/>
      <line num="654" type="method" name="set_mailtype" visibility="public" complexity="3" crap="3" count="2"/>
      <line num="656" type="stmt" count="2"/>
      <line num="658" type="stmt" count="2"/>
      <line num="660" type="stmt" count="2"/>
      <line num="661" type="stmt" count="2"/>
      <line num="662" type="stmt" count="2"/>
      <line num="664" type="stmt" count="2"/>
      <line num="667" type="method" name="set_charset" visibility="public" complexity="3" crap="3" count="2"/>
      <line num="669" type="stmt" count="2"/>
      <line num="671" type="stmt" count="2"/>
      <line num="673" type="stmt" count="2"/>
      <line num="675" type="stmt" count="2"/>
      <line num="676" type="stmt" count="2"/>
      <line num="677" type="stmt" count="2"/>
      <line num="678" type="stmt" count="2"/>
      <line num="680" type="stmt" count="2"/>
      <line num="683" type="method" name="set_priority" visibility="public" complexity="4" crap="4.05" count="2"/>
      <line num="685" type="stmt" count="2"/>
      <line num="687" type="stmt" count="2"/>
      <line num="689" type="stmt" count="2"/>
      <line num="690" type="stmt" count="2"/>
      <line num="692" type="stmt" count="2"/>
      <line num="694" type="stmt" count="0"/>
      <line num="697" type="stmt" count="2"/>
      <line num="702" type="method" name="set_encoding" visibility="public" complexity="4" crap="4.77" count="2"/>
      <line num="704" type="stmt" count="2"/>
      <line num="706" type="stmt" count="2"/>
      <line num="708" type="stmt" count="2"/>
      <line num="709" type="stmt" count="0"/>
      <line num="710" type="stmt" count="0"/>
      <line num="712" type="stmt" count="2"/>
      <line num="714" type="stmt" count="2"/>
      <line num="716" type="stmt" count="0"/>
      <line num="717" type="stmt" count="0"/>
      <line num="719" type="stmt" count="2"/>
      <line num="721" type="stmt" count="2"/>
      <line num="726" type="method" name="set_smtp_debug" visibility="public" complexity="3" crap="3.10" count="2"/>
      <line num="728" type="stmt" count="2"/>
      <line num="730" type="stmt" count="2"/>
      <line num="732" type="stmt" count="2"/>
      <line num="733" type="stmt" count="0"/>
      <line num="734" type="stmt" count="0"/>
      <line num="736" type="stmt" count="2"/>
      <line num="737" type="stmt" count="2"/>
      <line num="738" type="stmt" count="2"/>
      <line num="740" type="stmt" count="2"/>
      <line num="746" type="method" name="valid_email" visibility="public" complexity="1" crap="1" count="2"/>
      <line num="748" type="stmt" count="2"/>
      <line num="754" type="method" name="full_html" visibility="public" complexity="1" crap="2" count="0"/>
      <line num="760" type="stmt" count="0"/>
      <line num="762" type="stmt" count="0"/>
      <line num="818" type="stmt" count="0"/>
      <line num="821" type="stmt" count="0"/>
      <line num="823" type="stmt" count="0"/>
      <line num="829" type="method" name="_get_alt_message" visibility="protected" complexity="4" crap="4.84" count="2"/>
      <line num="831" type="stmt" count="2"/>
      <line num="833" type="stmt" count="0"/>
      <line num="834" type="stmt" count="0"/>
      <line num="835" type="stmt" count="0"/>
      <line num="838" type="stmt" count="2"/>
      <line num="840" type="stmt" count="2"/>
      <line num="841" type="stmt" count="2"/>
      <line num="842" type="stmt" count="2"/>
      <line num="845" type="method" name="_plain_text" visibility="protected" complexity="4" crap="4.02" count="2"/>
      <line num="847" type="stmt" count="2"/>
      <line num="849" type="stmt" count="2"/>
      <line num="851" type="stmt" count="2"/>
      <line num="852" type="stmt" count="2"/>
      <line num="854" type="stmt" count="2"/>
      <line num="856" type="stmt" count="2"/>
      <line num="857" type="stmt" count="2"/>
      <line num="860" type="stmt" count="2"/>
      <line num="862" type="stmt" count="2"/>
      <line num="882" type="stmt" count="0"/>
      <line num="885" type="method" name="_set_config_option" visibility="protected" complexity="4" crap="4" count="2"/>
      <line num="887" type="stmt" count="2"/>
      <line num="889" type="stmt" count="2"/>
      <line num="891" type="stmt" count="2"/>
      <line num="893" type="stmt" count="2"/>
      <line num="895" type="stmt" count="2"/>
      <line num="897" type="stmt" count="2"/>
      <line num="898" type="stmt" count="2"/>
      <line num="899" type="stmt" count="2"/>
      <line num="900" type="stmt" count="2"/>
      <line num="901" type="stmt" count="2"/>
      <line num="903" type="method" name="_copy_property_to_phpmailer" visibility="protected" complexity="2" crap="2" count="2"/>
      <line num="913" type="stmt" count="2"/>
      <line num="915" type="stmt" count="2"/>
      <line num="916" type="stmt" count="2"/>
      <line num="917" type="stmt" count="2"/>
      <line num="918" type="stmt" count="2"/>
      <line num="920" type="method" name="_extract_name" visibility="protected" complexity="5" crap="6.97" count="2"/>
      <line num="922" type="stmt" count="2"/>
      <line num="924" type="stmt" count="0"/>
      <line num="926" type="stmt" count="0"/>
      <line num="927" type="stmt" count="0"/>
      <line num="929" type="stmt" count="0"/>
      <line num="933" type="stmt" count="2"/>
      <line num="935" type="stmt" count="2"/>
      <line num="937" type="stmt" count="2"/>
      <line num="939" type="stmt" count="2"/>
      <line num="940" type="stmt" count="0"/>
      <line num="941" type="stmt" count="0"/>
      <line num="942" type="stmt" count="2"/>
      <line num="944" type="stmt" count="2"/>
      <line num="946" type="stmt" count="2"/>
      <metrics loc="949" ncloc="812" classes="1" methods="32" coveredmethods="9" conditionals="0" coveredconditionals="0" statements="405" coveredstatements="246" elements="437" coveredelements="255"/>
    </file>
    <file name="C:\wamp64\www\cinews\application/libraries/Pdf.php">
      <class name="Pdf" namespace="global">
        <metrics complexity="2" methods="2" coveredmethods="0" conditionals="0" coveredconditionals="0" statements="9" coveredstatements="0" elements="11" coveredelements="0"/>
      </class>
      <line num="9" type="stmt" count="0"/>
      <line num="14" type="method" name="__construct" visibility="public" complexity="1" crap="2" count="0"/>
      <line num="15" type="stmt" count="0"/>
      <line num="16" type="stmt" count="0"/>
      <line num="17" type="stmt" count="0"/>
      <line num="27" type="method" name="generate" visibility="public" complexity="1" crap="2" count="0"/>
      <line num="28" type="stmt" count="0"/>
      <line num="29" type="stmt" count="0"/>
      <line num="30" type="stmt" count="0"/>
      <line num="31" type="stmt" count="0"/>
      <line num="33" type="stmt" count="0"/>
      <line num="34" type="stmt" count="0"/>
      <metrics loc="34" ncloc="20" classes="1" methods="2" coveredmethods="0" conditionals="0" coveredconditionals="0" statements="10" coveredstatements="0" elements="12" coveredelements="0"/>
    </file>
    <file name="C:\wamp64\www\cinews\application/libraries/Template.php">
      <class name="Template" namespace="global">
        <metrics complexity="12" methods="5" coveredmethods="2" conditionals="0" coveredconditionals="0" statements="30" coveredstatements="22" elements="35" coveredelements="24"/>
      </class>
      <line num="21" type="method" name="__construct" visibility="public" complexity="1" crap="1" count="31"/>
      <line num="23" type="stmt" count="31"/>
      <line num="24" type="stmt" count="31"/>
      <line num="33" type="method" name="get" visibility="public" complexity="3" crap="3.14" count="6"/>
      <line num="35" type="stmt" count="6"/>
      <line num="36" type="stmt" count="6"/>
      <line num="37" type="stmt" count="0"/>
      <line num="39" type="stmt" count="6"/>
      <line num="49" type="method" name="set" visibility="public" complexity="1" crap="2" count="0"/>
      <line num="51" type="stmt" count="0"/>
      <line num="52" type="stmt" count="0"/>
      <line num="67" type="method" name="view" visibility="public" complexity="6" crap="6.77" count="6"/>
      <line num="69" type="stmt" count="6"/>
      <line num="70" type="stmt" count="6"/>
      <line num="71" type="stmt" count="6"/>
      <line num="72" type="stmt" count="6"/>
      <line num="74" type="stmt" count="6"/>
      <line num="75" type="stmt" count="6"/>
      <line num="76" type="stmt" count="6"/>
      <line num="77" type="stmt" count="0"/>
      <line num="78" type="stmt" count="0"/>
      <line num="79" type="stmt" count="0"/>
      <line num="81" type="stmt" count="6"/>
      <line num="82" type="stmt" count="0"/>
      <line num="83" type="stmt" count="0"/>
      <line num="85" type="stmt" count="6"/>
      <line num="86" type="stmt" count="5"/>
      <line num="87" type="stmt" count="5"/>
      <line num="89" type="stmt" count="1"/>
      <line num="90" type="stmt" count="1"/>
      <line num="92" type="method" name="alert" visibility="public" complexity="1" crap="1" count="7"/>
      <line num="93" type="stmt" count="7"/>
      <line num="94" type="stmt" count="7"/>
      <line num="95" type="stmt" count="7"/>
      <line num="96" type="stmt" count="7"/>
      <metrics loc="100" ncloc="60" classes="1" methods="5" coveredmethods="2" conditionals="0" coveredconditionals="0" statements="30" coveredstatements="22" elements="35" coveredelements="24"/>
    </file>
    <file name="C:\wamp64\www\cinews\application/libraries/User.php">
      <class name="User" namespace="global">
        <metrics complexity="29" methods="11" coveredmethods="3" conditionals="0" coveredconditionals="0" statements="121" coveredstatements="66" elements="132" coveredelements="69"/>
      </class>
      <line num="13" type="method" name="__construct" visibility="public" complexity="1" crap="1" count="31"/>
      <line num="14" type="stmt" count="31"/>
      <line num="15" type="stmt" count="31"/>
      <line num="21" type="method" name="loggedIn" visibility="public" complexity="2" crap="2" count="14"/>
      <line num="22" type="stmt" count="14"/>
      <line num="23" type="stmt" count="14"/>
      <line num="24" type="stmt" count="1"/>
      <line num="26" type="stmt" count="13"/>
      <line num="35" type="method" name="login" visibility="public" complexity="4" crap="4.37" count="1"/>
      <line num="36" type="stmt" count="1"/>
      <line num="37" type="stmt" count="1"/>
      <line num="38" type="stmt" count="1"/>
      <line num="39" type="stmt" count="1"/>
      <line num="40" type="stmt" count="1"/>
      <line num="42" type="stmt" count="0"/>
      <line num="43" type="stmt" count="0"/>
      <line num="50" type="method" name="logout" visibility="public" complexity="2" crap="2.50" count="1"/>
      <line num="51" type="stmt" count="1"/>
      <line num="52" type="stmt" count="0"/>
      <line num="53" type="stmt" count="0"/>
      <line num="55" type="stmt" count="1"/>
      <line num="62" type="method" name="get" visibility="public" complexity="2" crap="6" count="0"/>
      <line num="63" type="stmt" count="0"/>
      <line num="64" type="stmt" count="0"/>
      <line num="65" type="stmt" count="0"/>
      <line num="66" type="stmt" count="0"/>
      <line num="68" type="stmt" count="0"/>
      <line num="75" type="method" name="id" visibility="public" complexity="2" crap="2.50" count="1"/>
      <line num="76" type="stmt" count="1"/>
      <line num="77" type="stmt" count="0"/>
      <line num="78" type="stmt" count="0"/>
      <line num="80" type="stmt" count="1"/>
      <line num="87" type="method" name="profile" visibility="public" complexity="2" crap="6" count="0"/>
      <line num="88" type="stmt" count="0"/>
      <line num="89" type="stmt" count="0"/>
      <line num="90" type="stmt" count="0"/>
      <line num="91" type="stmt" count="0"/>
      <line num="93" type="stmt" count="0"/>
      <line num="100" type="method" name="isAdmin" visibility="public" complexity="3" crap="8.21" count="1"/>
      <line num="101" type="stmt" count="0"/>
      <line num="102" type="stmt" count="0"/>
      <line num="103" type="stmt" count="0"/>
      <line num="104" type="stmt" count="1"/>
      <line num="105" type="stmt" count="0"/>
      <line num="107" type="stmt" count="0"/>
      <line num="115" type="method" name="create" visibility="public" complexity="1" crap="1" count="1"/>
      <line num="116" type="stmt" count="1"/>
      <line num="117" type="stmt" count="1"/>
      <line num="119" type="stmt" count="1"/>
      <line num="120" type="stmt" count="1"/>
      <line num="121" type="stmt" count="1"/>
      <line num="123" type="stmt" count="1"/>
      <line num="124" type="stmt" count="1"/>
      <line num="127" type="method" name="activate" visibility="public" complexity="2" crap="6" count="0"/>
      <line num="128" type="stmt" count="0"/>
      <line num="129" type="stmt" count="0"/>
      <line num="130" type="stmt" count="0"/>
      <line num="131" type="stmt" count="0"/>
      <line num="133" type="stmt" count="0"/>
      <line num="142" type="method" name="notify" visibility="public" complexity="8" crap="12.18" count="2"/>
      <line num="143" type="stmt" count="2"/>
      <line num="144" type="stmt" count="2"/>
      <line num="146" type="stmt" count="2"/>
      <line num="147" type="stmt" count="0"/>
      <line num="149" type="stmt" count="2"/>
      <line num="150" type="stmt" count="2"/>
      <line num="152" type="stmt" count="2"/>
      <line num="153" type="stmt" count="0"/>
      <line num="155" type="stmt" count="0"/>
      <line num="163" type="stmt" count="0"/>
      <line num="170" type="stmt" count="0"/>
      <line num="171" type="stmt" count="0"/>
      <line num="180" type="stmt" count="0"/>
      <line num="182" type="stmt" count="0"/>
      <line num="184" type="stmt" count="0"/>
      <line num="185" type="stmt" count="0"/>
      <line num="186" type="stmt" count="0"/>
      <line num="187" type="stmt" count="0"/>
      <line num="188" type="stmt" count="0"/>
      <line num="189" type="stmt" count="0"/>
      <line num="191" type="stmt" count="0"/>
      <line num="192" type="stmt" count="0"/>
      <line num="193" type="stmt" count="0"/>
      <line num="195" type="stmt" count="0"/>
      <line num="196" type="stmt" count="0"/>
      <line num="198" type="stmt" count="0"/>
      <line num="201" type="stmt" count="2"/>
      <line num="203" type="stmt" count="1"/>
      <line num="205" type="stmt" count="1"/>
      <line num="208" type="stmt" count="1"/>
      <line num="212" type="stmt" count="1"/>
      <line num="217" type="stmt" count="1"/>
      <line num="224" type="stmt" count="1"/>
      <line num="225" type="stmt" count="1"/>
      <line num="234" type="stmt" count="1"/>
      <line num="236" type="stmt" count="1"/>
      <line num="238" type="stmt" count="1"/>
      <line num="239" type="stmt" count="1"/>
      <line num="240" type="stmt" count="1"/>
      <line num="241" type="stmt" count="1"/>
      <line num="242" type="stmt" count="1"/>
      <line num="243" type="stmt" count="1"/>
      <line num="245" type="stmt" count="1"/>
      <line num="246" type="stmt" count="0"/>
      <line num="247" type="stmt" count="0"/>
      <line num="249" type="stmt" count="0"/>
      <line num="250" type="stmt" count="0"/>
      <line num="252" type="stmt" count="1"/>
      <line num="255" type="stmt" count="1"/>
      <line num="256" type="stmt" count="1"/>
      <line num="258" type="stmt" count="1"/>
      <line num="260" type="stmt" count="1"/>
      <line num="263" type="stmt" count="1"/>
      <line num="267" type="stmt" count="1"/>
      <line num="272" type="stmt" count="1"/>
      <line num="279" type="stmt" count="1"/>
      <line num="280" type="stmt" count="1"/>
      <line num="289" type="stmt" count="1"/>
      <line num="291" type="stmt" count="1"/>
      <line num="293" type="stmt" count="1"/>
      <line num="294" type="stmt" count="1"/>
      <line num="295" type="stmt" count="1"/>
      <line num="296" type="stmt" count="1"/>
      <line num="297" type="stmt" count="1"/>
      <line num="298" type="stmt" count="1"/>
      <line num="300" type="stmt" count="1"/>
      <line num="301" type="stmt" count="0"/>
      <line num="302" type="stmt" count="0"/>
      <line num="304" type="stmt" count="0"/>
      <line num="305" type="stmt" count="0"/>
      <line num="307" type="stmt" count="1"/>
      <line num="310" type="stmt" count="0"/>
      <metrics loc="311" ncloc="259" classes="1" methods="11" coveredmethods="3" conditionals="0" coveredconditionals="0" statements="121" coveredstatements="66" elements="132" coveredelements="69"/>
    </file>
    <file name="C:\wamp64\www\cinews\application/models/Category_model.php">
      <class name="Category_model" namespace="global" fullPackage="Category">
        <metrics complexity="11" methods="6" coveredmethods="2" conditionals="0" coveredconditionals="0" statements="20" coveredstatements="16" elements="26" coveredelements="18"/>
      </class>
      <line num="17" type="method" name="add" visibility="public" complexity="2" crap="2.15" count="1"/>
      <line num="18" type="stmt" count="1"/>
      <line num="19" type="stmt" count="0"/>
      <line num="22" type="stmt" count="1"/>
      <line num="31" type="method" name="update" visibility="public" complexity="2" crap="2" count="1"/>
      <line num="32" type="stmt" count="1"/>
      <line num="33" type="stmt" count="1"/>
      <line num="35" type="stmt" count="1"/>
      <line num="43" type="method" name="get" visibility="public" complexity="2" crap="2.03" count="4"/>
      <line num="44" type="stmt" count="4"/>
      <line num="45" type="stmt" count="4"/>
      <line num="46" type="stmt" count="0"/>
      <line num="48" type="stmt" count="4"/>
      <line num="49" type="stmt" count="1"/>
      <line num="55" type="method" name="get_all" visibility="public" complexity="2" crap="2.15" count="6"/>
      <line num="56" type="stmt" count="6"/>
      <line num="57" type="stmt" count="6"/>
      <line num="59" type="stmt" count="0"/>
      <line num="67" type="method" name="get_by_category" visibility="public" complexity="2" crap="2.06" count="2"/>
      <line num="68" type="stmt" count="2"/>
      <line num="69" type="stmt" count="2"/>
      <line num="70" type="stmt" count="0"/>
      <line num="72" type="stmt" count="2"/>
      <line num="81" type="method" name="get_by_idpost" visibility="public" complexity="1" crap="1" count="1"/>
      <line num="82" type="stmt" count="1"/>
      <line num="83" type="stmt" count="1"/>
      <metrics loc="85" ncloc="44" classes="1" methods="6" coveredmethods="2" conditionals="0" coveredconditionals="0" statements="20" coveredstatements="16" elements="26" coveredelements="18"/>
    </file>
    <file name="C:\wamp64\www\cinews\application/models/Post_category_model.php">
      <class name="Post_category_model" namespace="global" fullPackage="Post.category">
        <metrics complexity="12" methods="4" coveredmethods="1" conditionals="0" coveredconditionals="0" statements="28" coveredstatements="23" elements="32" coveredelements="24"/>
      </class>
      <line num="17" type="method" name="add" visibility="public" complexity="4" crap="6.00" count="1"/>
      <line num="18" type="stmt" count="1"/>
      <line num="19" type="stmt" count="0"/>
      <line num="20" type="stmt" count="0"/>
      <line num="21" type="stmt" count="1"/>
      <line num="22" type="stmt" count="0"/>
      <line num="25" type="stmt" count="1"/>
      <line num="35" type="method" name="update" visibility="public" complexity="2" crap="2" count="1"/>
      <line num="36" type="stmt" count="1"/>
      <line num="37" type="stmt" count="1"/>
      <line num="39" type="stmt" count="1"/>
      <line num="48" type="method" name="get_category_by_idpost" visibility="public" complexity="3" crap="3.01" count="4"/>
      <line num="49" type="stmt" count="2"/>
      <line num="50" type="stmt" count="2"/>
      <line num="51" type="stmt" count="0"/>
      <line num="53" type="stmt" count="2"/>
      <line num="54" type="stmt" count="2"/>
      <line num="55" type="stmt" count="2"/>
      <line num="56" type="stmt" count="2"/>
      <line num="57" type="stmt" count="4"/>
      <line num="58" type="stmt" count="2"/>
      <line num="66" type="method" name="get_posts_by_idcategory" visibility="public" complexity="3" crap="3.01" count="2"/>
      <line num="67" type="stmt" count="2"/>
      <line num="68" type="stmt" count="2"/>
      <line num="69" type="stmt" count="2"/>
      <line num="70" type="stmt" count="0"/>
      <line num="72" type="stmt" count="2"/>
      <line num="73" type="stmt" count="2"/>
      <line num="74" type="stmt" count="2"/>
      <line num="75" type="stmt" count="2"/>
      <line num="76" type="stmt" count="2"/>
      <line num="77" type="stmt" count="2"/>
      <metrics loc="79" ncloc="49" classes="1" methods="4" coveredmethods="1" conditionals="0" coveredconditionals="0" statements="28" coveredstatements="23" elements="32" coveredelements="24"/>
    </file>
    <file name="C:\wamp64\www\cinews\application/models/Post_model.php">
      <class name="Post_model" namespace="global" fullPackage="Post">
        <metrics complexity="17" methods="10" coveredmethods="2" conditionals="0" coveredconditionals="0" statements="38" coveredstatements="12" elements="48" coveredelements="14"/>
      </class>
      <line num="18" type="method" name="add" visibility="public" complexity="2" crap="6" count="0"/>
      <line num="19" type="stmt" count="0"/>
      <line num="20" type="stmt" count="0"/>
      <line num="23" type="stmt" count="0"/>
      <line num="33" type="method" name="update" visibility="public" complexity="2" crap="6" count="0"/>
      <line num="34" type="stmt" count="0"/>
      <line num="35" type="stmt" count="0"/>
      <line num="37" type="stmt" count="0"/>
      <line num="46" type="method" name="delete" visibility="public" complexity="1" crap="2" count="0"/>
      <line num="47" type="stmt" count="0"/>
      <line num="56" type="method" name="get" visibility="public" complexity="2" crap="2.06" count="4"/>
      <line num="57" type="stmt" count="4"/>
      <line num="58" type="stmt" count="4"/>
      <line num="59" type="stmt" count="0"/>
      <line num="61" type="stmt" count="4"/>
      <line num="70" type="method" name="get_posts" visibility="public" complexity="2" crap="2.02" count="3"/>
      <line num="71" type="stmt" count="2"/>
      <line num="72" type="stmt" count="3"/>
      <line num="73" type="stmt" count="2"/>
      <line num="74" type="stmt" count="0"/>
      <line num="75" type="stmt" count="1"/>
      <line num="76" type="stmt" count="2"/>
      <line num="84" type="method" name="get_all" visibility="public" complexity="2" crap="6" count="0"/>
      <line num="85" type="stmt" count="0"/>
      <line num="86" type="stmt" count="0"/>
      <line num="87" type="stmt" count="0"/>
      <line num="88" type="stmt" count="0"/>
      <line num="90" type="stmt" count="0"/>
      <line num="99" type="method" name="get_by_keyword" visibility="public" complexity="2" crap="6" count="0"/>
      <line num="100" type="stmt" count="0"/>
      <line num="101" type="stmt" count="0"/>
      <line num="102" type="stmt" count="0"/>
      <line num="103" type="stmt" count="0"/>
      <line num="104" type="stmt" count="0"/>
      <line num="105" type="stmt" count="0"/>
      <line num="107" type="stmt" count="0"/>
      <line num="116" type="method" name="get_by_iduser" visibility="public" complexity="2" crap="6" count="0"/>
      <line num="117" type="stmt" count="0"/>
      <line num="118" type="stmt" count="0"/>
      <line num="119" type="stmt" count="0"/>
      <line num="120" type="stmt" count="0"/>
      <line num="122" type="stmt" count="0"/>
      <line num="131" type="method" name="get_by_idtag" visibility="public" complexity="1" crap="1" count="1"/>
      <line num="132" type="stmt" count="1"/>
      <line num="133" type="stmt" count="1"/>
      <line num="142" type="method" name="get_by_idcategory" visibility="public" complexity="1" crap="1" count="1"/>
      <line num="143" type="stmt" count="1"/>
      <line num="144" type="stmt" count="1"/>
      <metrics loc="146" ncloc="81" classes="1" methods="10" coveredmethods="2" conditionals="0" coveredconditionals="0" statements="38" coveredstatements="12" elements="48" coveredelements="14"/>
    </file>
    <file name="C:\wamp64\www\cinews\application/models/Post_tag_model.php">
      <class name="Post_tag_model" namespace="global" fullPackage="Post.tag">
        <metrics complexity="12" methods="4" coveredmethods="0" conditionals="0" coveredconditionals="0" statements="28" coveredstatements="17" elements="32" coveredelements="17"/>
      </class>
      <line num="12" type="method" name="add" visibility="public" complexity="4" crap="20" count="0"/>
      <line num="13" type="stmt" count="0"/>
      <line num="14" type="stmt" count="0"/>
      <line num="15" type="stmt" count="0"/>
      <line num="16" type="stmt" count="0"/>
      <line num="17" type="stmt" count="0"/>
      <line num="20" type="stmt" count="0"/>
      <line num="23" type="method" name="update" visibility="public" complexity="2" crap="6" count="0"/>
      <line num="24" type="stmt" count="0"/>
      <line num="25" type="stmt" count="0"/>
      <line num="27" type="stmt" count="0"/>
      <line num="30" type="method" name="get_tags_by_idpost" visibility="public" complexity="3" crap="3.01" count="1"/>
      <line num="31" type="stmt" count="1"/>
      <line num="32" type="stmt" count="1"/>
      <line num="33" type="stmt" count="0"/>
      <line num="35" type="stmt" count="1"/>
      <line num="36" type="stmt" count="1"/>
      <line num="37" type="stmt" count="1"/>
      <line num="38" type="stmt" count="1"/>
      <line num="39" type="stmt" count="1"/>
      <line num="40" type="stmt" count="1"/>
      <line num="43" type="method" name="get_posts_by_idtag" visibility="public" complexity="3" crap="3.01" count="2"/>
      <line num="44" type="stmt" count="1"/>
      <line num="45" type="stmt" count="1"/>
      <line num="46" type="stmt" count="1"/>
      <line num="47" type="stmt" count="0"/>
      <line num="49" type="stmt" count="1"/>
      <line num="50" type="stmt" count="1"/>
      <line num="51" type="stmt" count="2"/>
      <line num="52" type="stmt" count="1"/>
      <line num="53" type="stmt" count="1"/>
      <line num="54" type="stmt" count="1"/>
      <metrics loc="56" ncloc="51" classes="1" methods="4" coveredmethods="0" conditionals="0" coveredconditionals="0" statements="28" coveredstatements="17" elements="32" coveredelements="17"/>
    </file>
    <file name="C:\wamp64\www\cinews\application/models/Profile_model.php">
      <class name="Profile_model" namespace="global" fullPackage="Profile">
        <metrics complexity="10" methods="5" coveredmethods="0" conditionals="0" coveredconditionals="0" statements="19" coveredstatements="3" elements="24" coveredelements="3"/>
      </class>
      <line num="17" type="method" name="add" visibility="public" complexity="2" crap="6" count="0"/>
      <line num="18" type="stmt" count="0"/>
      <line num="19" type="stmt" count="0"/>
      <line num="22" type="stmt" count="0"/>
      <line num="31" type="method" name="update" visibility="public" complexity="2" crap="6" count="0"/>
      <line num="32" type="stmt" count="0"/>
      <line num="33" type="stmt" count="0"/>
      <line num="35" type="stmt" count="0"/>
      <line num="44" type="method" name="get" visibility="public" complexity="2" crap="6" count="0"/>
      <line num="45" type="stmt" count="0"/>
      <line num="46" type="stmt" count="0"/>
      <line num="47" type="stmt" count="0"/>
      <line num="49" type="stmt" count="0"/>
      <line num="58" type="method" name="get_by_iduser" visibility="public" complexity="2" crap="2.06" count="4"/>
      <line num="59" type="stmt" count="4"/>
      <line num="60" type="stmt" count="4"/>
      <line num="61" type="stmt" count="0"/>
      <line num="63" type="stmt" count="4"/>
      <line num="72" type="method" name="get_user" visibility="public" complexity="2" crap="6" count="0"/>
      <line num="73" type="stmt" count="0"/>
      <line num="74" type="stmt" count="0"/>
      <line num="75" type="stmt" count="0"/>
      <line num="77" type="stmt" count="0"/>
      <line num="78" type="stmt" count="0"/>
      <metrics loc="80" ncloc="45" classes="1" methods="5" coveredmethods="0" conditionals="0" coveredconditionals="0" statements="19" coveredstatements="3" elements="24" coveredelements="3"/>
    </file>
    <file name="C:\wamp64\www\cinews\application/models/Tag_model.php">
      <class name="Tag_model" namespace="global" fullPackage="Tag">
        <metrics complexity="16" methods="7" coveredmethods="1" conditionals="0" coveredconditionals="0" statements="27" coveredstatements="6" elements="34" coveredelements="7"/>
      </class>
      <line num="18" type="method" name="add" visibility="public" complexity="4" crap="20" count="0"/>
      <line num="19" type="stmt" count="0"/>
      <line num="20" type="stmt" count="0"/>
      <line num="21" type="stmt" count="0"/>
      <line num="23" type="stmt" count="0"/>
      <line num="24" type="stmt" count="0"/>
      <line num="27" type="stmt" count="0"/>
      <line num="37" type="method" name="update" visibility="public" complexity="2" crap="3.19" count="1"/>
      <line num="38" type="stmt" count="1"/>
      <line num="39" type="stmt" count="0"/>
      <line num="41" type="stmt" count="0"/>
      <line num="50" type="method" name="get" visibility="public" complexity="2" crap="2.06" count="2"/>
      <line num="51" type="stmt" count="2"/>
      <line num="52" type="stmt" count="2"/>
      <line num="53" type="stmt" count="0"/>
      <line num="55" type="stmt" count="2"/>
      <line num="63" type="method" name="get_all" visibility="public" complexity="2" crap="6" count="0"/>
      <line num="64" type="stmt" count="0"/>
      <line num="65" type="stmt" count="0"/>
      <line num="67" type="stmt" count="0"/>
      <line num="76" type="method" name="set_tag" visibility="public" complexity="3" crap="12" count="0"/>
      <line num="77" type="stmt" count="0"/>
      <line num="78" type="stmt" count="0"/>
      <line num="79" type="stmt" count="0"/>
      <line num="81" type="stmt" count="0"/>
      <line num="83" type="stmt" count="0"/>
      <line num="92" type="method" name="get_by_tag" visibility="public" complexity="2" crap="6" count="0"/>
      <line num="93" type="stmt" count="0"/>
      <line num="94" type="stmt" count="0"/>
      <line num="95" type="stmt" count="0"/>
      <line num="97" type="stmt" count="0"/>
      <line num="107" type="method" name="get_by_idpost" visibility="public" complexity="1" crap="1" count="1"/>
      <line num="108" type="stmt" count="1"/>
      <line num="109" type="stmt" count="1"/>
      <metrics loc="111" ncloc="64" classes="1" methods="7" coveredmethods="1" conditionals="0" coveredconditionals="0" statements="27" coveredstatements="6" elements="34" coveredelements="7"/>
    </file>
    <file name="C:\wamp64\www\cinews\application/models/User_model.php">
      <class name="User_model" namespace="global" fullPackage="User">
        <metrics complexity="16" methods="7" coveredmethods="0" conditionals="0" coveredconditionals="0" statements="34" coveredstatements="26" elements="41" coveredelements="26"/>
      </class>
      <line num="18" type="method" name="add" visibility="public" complexity="2" crap="2.15" count="1"/>
      <line num="19" type="stmt" count="1"/>
      <line num="20" type="stmt" count="1"/>
      <line num="23" type="stmt" count="0"/>
      <line num="33" type="method" name="update" visibility="public" complexity="2" crap="2.15" count="1"/>
      <line num="34" type="stmt" count="1"/>
      <line num="35" type="stmt" count="1"/>
      <line num="37" type="stmt" count="0"/>
      <line num="46" type="method" name="get" visibility="public" complexity="2" crap="2.06" count="2"/>
      <line num="47" type="stmt" count="2"/>
      <line num="48" type="stmt" count="2"/>
      <line num="49" type="stmt" count="0"/>
      <line num="51" type="stmt" count="2"/>
      <line num="60" type="method" name="get_by_email" visibility="public" complexity="2" crap="2.06" count="1"/>
      <line num="61" type="stmt" count="1"/>
      <line num="62" type="stmt" count="1"/>
      <line num="63" type="stmt" count="0"/>
      <line num="65" type="stmt" count="1"/>
      <line num="74" type="method" name="get_by_key" visibility="public" complexity="2" crap="2.06" count="2"/>
      <line num="75" type="stmt" count="2"/>
      <line num="76" type="stmt" count="2"/>
      <line num="77" type="stmt" count="0"/>
      <line num="79" type="stmt" count="2"/>
      <line num="88" type="method" name="get_profile" visibility="public" complexity="1" crap="2" count="0"/>
      <line num="89" type="stmt" count="0"/>
      <line num="90" type="stmt" count="0"/>
      <line num="99" type="method" name="login" visibility="public" complexity="5" crap="5.01" count="1"/>
      <line num="100" type="stmt" count="1"/>
      <line num="101" type="stmt" count="1"/>
      <line num="102" type="stmt" count="1"/>
      <line num="104" type="stmt" count="1"/>
      <line num="105" type="stmt" count="1"/>
      <line num="106" type="stmt" count="0"/>
      <line num="109" type="stmt" count="1"/>
      <line num="110" type="stmt" count="1"/>
      <line num="111" type="stmt" count="1"/>
      <line num="112" type="stmt" count="1"/>
      <line num="113" type="stmt" count="1"/>
      <line num="114" type="stmt" count="1"/>
      <line num="115" type="stmt" count="1"/>
      <line num="117" type="stmt" count="1"/>
      <metrics loc="119" ncloc="71" classes="1" methods="7" coveredmethods="0" conditionals="0" coveredconditionals="0" statements="34" coveredstatements="26" elements="41" coveredelements="26"/>
    </file>
    <file name="C:\wamp64\www\cinews\application/views/default/account/login.php">
      <line num="1" type="stmt" count="0"/>
      <line num="2" type="stmt" count="0"/>
      <line num="4" type="stmt" count="0"/>
      <line num="5" type="stmt" count="0"/>
      <line num="6" type="stmt" count="0"/>
      <line num="7" type="stmt" count="0"/>
      <line num="8" type="stmt" count="0"/>
      <line num="9" type="stmt" count="0"/>
      <line num="10" type="stmt" count="0"/>
      <line num="11" type="stmt" count="0"/>
      <line num="12" type="stmt" count="0"/>
      <line num="14" type="stmt" count="0"/>
      <line num="15" type="stmt" count="0"/>
      <line num="16" type="stmt" count="0"/>
      <line num="17" type="stmt" count="0"/>
      <line num="18" type="stmt" count="0"/>
      <line num="20" type="stmt" count="0"/>
      <line num="21" type="stmt" count="0"/>
      <line num="22" type="stmt" count="0"/>
      <line num="23" type="stmt" count="0"/>
      <line num="24" type="stmt" count="0"/>
      <line num="25" type="stmt" count="0"/>
      <line num="26" type="stmt" count="0"/>
      <line num="27" type="stmt" count="0"/>
      <metrics loc="26" ncloc="26" classes="0" methods="0" coveredmethods="0" conditionals="0" coveredconditionals="0" statements="23" coveredstatements="0" elements="23" coveredelements="0"/>
    </file>
    <file name="C:\wamp64\www\cinews\application/views/default/account/profile.php">
      <line num="1" type="stmt" count="0"/>
      <line num="2" type="stmt" count="0"/>
      <line num="3" type="stmt" count="0"/>
      <line num="5" type="stmt" count="0"/>
      <line num="6" type="stmt" count="0"/>
      <line num="8" type="stmt" count="0"/>
      <line num="9" type="stmt" count="0"/>
      <line num="10" type="stmt" count="0"/>
      <line num="11" type="stmt" count="0"/>
      <line num="12" type="stmt" count="0"/>
      <line num="13" type="stmt" count="0"/>
      <line num="14" type="stmt" count="0"/>
      <line num="15" type="stmt" count="0"/>
      <line num="16" type="stmt" count="0"/>
      <line num="17" type="stmt" count="0"/>
      <line num="18" type="stmt" count="0"/>
      <line num="20" type="stmt" count="0"/>
      <line num="21" type="stmt" count="0"/>
      <line num="22" type="stmt" count="0"/>
      <line num="24" type="stmt" count="0"/>
      <line num="25" type="stmt" count="0"/>
      <line num="26" type="stmt" count="0"/>
      <line num="28" type="stmt" count="0"/>
      <line num="29" type="stmt" count="0"/>
      <line num="30" type="stmt" count="0"/>
      <line num="33" type="stmt" count="0"/>
      <line num="38" type="stmt" count="0"/>
      <line num="39" type="stmt" count="0"/>
      <line num="40" type="stmt" count="0"/>
      <line num="41" type="stmt" count="0"/>
      <metrics loc="40" ncloc="40" classes="0" methods="0" coveredmethods="0" conditionals="0" coveredconditionals="0" statements="29" coveredstatements="0" elements="29" coveredelements="0"/>
    </file>
    <file name="C:\wamp64\www\cinews\application/views/default/account/reset_password.php">
[...]
      <line num="10" type="stmt" count="1"/>
      <line num="12" type="stmt" count="1"/>
      <line num="13" type="stmt" count="1"/>
      <line num="14" type="stmt" count="1"/>
      <line num="15" type="stmt" count="0"/>
      <line num="16" type="stmt" count="1"/>
      <line num="27" type="stmt" count="1"/>
      <metrics loc="26" ncloc="26" classes="0" methods="0" coveredmethods="0" conditionals="0" coveredconditionals="0" statements="6" coveredstatements="5" elements="6" coveredelements="5"/>
    </file>
    <file name="C:\wamp64\www\cinews\application/views/default/layout.php">
      <metrics loc="122" ncloc="122" classes="0" methods="0" coveredmethods="0" conditionals="0" coveredconditionals="0" statements="0" coveredstatements="0" elements="0" coveredelements="0"/>
    </file>
    <file name="C:\wamp64\www\cinews\application/views/default/news/detail.php">
      <line num="10" type="stmt" count="1"/>
      <line num="11" type="stmt" count="1"/>
      <line num="12" type="stmt" count="1"/>
      <line num="13" type="stmt" count="0"/>
      <line num="14" type="stmt" count="1"/>
      <line num="19" type="stmt" count="1"/>
      <line num="20" type="stmt" count="1"/>
      <line num="21" type="stmt" count="1"/>
      <line num="22" type="stmt" count="0"/>
      <line num="29" type="stmt" count="1"/>
      <line num="30" type="stmt" count="1"/>
      <line num="31" type="stmt" count="1"/>
      <line num="32" type="stmt" count="1"/>
      <line num="33" type="stmt" count="1"/>
      <line num="34" type="stmt" count="1"/>
      <line num="35" type="stmt" count="1"/>
      <line num="36" type="stmt" count="1"/>
      <line num="44" type="stmt" count="1"/>
      <metrics loc="43" ncloc="43" classes="0" methods="0" coveredmethods="0" conditionals="0" coveredconditionals="0" statements="17" coveredstatements="15" elements="17" coveredelements="15"/>
    </file>
    <file name="C:\wamp64\www\cinews\application/views/default/news/list.php">
      <line num="10" type="stmt" count="2"/>
      <line num="12" type="stmt" count="2"/>
      <line num="13" type="stmt" count="2"/>
      <line num="14" type="stmt" count="2"/>
      <line num="15" type="stmt" count="0"/>
      <line num="16" type="stmt" count="2"/>
      <line num="26" type="stmt" count="2"/>
      <metrics loc="25" ncloc="25" classes="0" methods="0" coveredmethods="0" conditionals="0" coveredconditionals="0" statements="6" coveredstatements="5" elements="6" coveredelements="5"/>
    </file>
    <file name="C:\wamp64\www\cinews\application/views/default/news/rss.php">
      <line num="37" type="stmt" count="1"/>
      <metrics loc="36" ncloc="36" classes="0" methods="0" coveredmethods="0" conditionals="0" coveredconditionals="0" statements="0" coveredstatements="0" elements="0" coveredelements="0"/>
    </file>
    <file name="C:\wamp64\www\cinews\application/views/default/partials/alerts.php">
      <line num="2" type="stmt" count="5"/>
      <line num="3" type="stmt" count="0"/>
      <line num="13" type="stmt" count="0"/>
      <line num="14" type="stmt" count="0"/>
      <line num="15" type="stmt" count="5"/>
      <line num="21" type="stmt" count="5"/>
      <metrics loc="20" ncloc="20" classes="0" methods="0" coveredmethods="0" conditionals="0" coveredconditionals="0" statements="5" coveredstatements="2" elements="5" coveredelements="2"/>
    </file>
    <file name="C:\wamp64\www\cinews\application/views/default/partials/sidebar.php">
      <line num="3" type="stmt" count="5"/>
      <line num="4" type="stmt" count="5"/>
      <line num="5" type="stmt" count="5"/>
      <line num="16" type="stmt" count="5"/>
      <line num="17" type="stmt" count="5"/>
      <metrics loc="28" ncloc="28" classes="0" methods="0" coveredmethods="0" conditionals="0" coveredconditionals="0" statements="5" coveredstatements="5" elements="5" coveredelements="5"/>
    </file>
    <file name="C:\wamp64\www\cinews\application/views/default/post/add.php">
      <line num="1" type="stmt" count="0"/>
      <line num="2" type="stmt" count="0"/>
      <line num="3" type="stmt" count="0"/>
      <line num="5" type="stmt" count="0"/>
      <line num="6" type="stmt" count="0"/>
      <line num="8" type="stmt" count="0"/>
      <line num="9" type="stmt" count="0"/>
      <line num="10" type="stmt" count="0"/>
      <line num="11" type="stmt" count="0"/>
      <line num="15" type="stmt" count="0"/>
      <line num="16" type="stmt" count="0"/>
      <line num="17" type="stmt" count="0"/>
      <line num="18" type="stmt" count="0"/>
      <line num="19" type="stmt" count="0"/>
      <line num="20" type="stmt" count="0"/>
      <line num="22" type="stmt" count="0"/>
      <line num="23" type="stmt" count="0"/>
      <line num="25" type="stmt" count="0"/>
      <line num="27" type="stmt" count="0"/>
      <line num="28" type="stmt" count="0"/>
      <line num="30" type="stmt" count="0"/>
      <line num="32" type="stmt" count="0"/>
      <line num="33" type="stmt" count="0"/>
      <line num="34" type="stmt" count="0"/>
      <line num="35" type="stmt" count="0"/>
      <metrics loc="34" ncloc="34" classes="0" methods="0" coveredmethods="0" conditionals="0" coveredconditionals="0" statements="24" coveredstatements="0" elements="24" coveredelements="0"/>
    </file>
    <file name="C:\wamp64\www\cinews\application/views/default/post/delete.php">
      <line num="1" type="stmt" count="0"/>
      <line num="2" type="stmt" count="0"/>
      <line num="3" type="stmt" count="0"/>
      <line num="5" type="stmt" count="0"/>
      <line num="7" type="stmt" count="0"/>
      <line num="8" type="stmt" count="0"/>
      <line num="10" type="stmt" count="0"/>
      <line num="11" type="stmt" count="0"/>
      <line num="12" type="stmt" count="0"/>
      <line num="13" type="stmt" count="0"/>
      <metrics loc="12" ncloc="12" classes="0" methods="0" coveredmethods="0" conditionals="0" coveredconditionals="0" statements="9" coveredstatements="0" elements="9" coveredelements="0"/>
    </file>
    <file name="C:\wamp64\www\cinews\application/views/default/post/list.php">
      <line num="1" type="stmt" count="0"/>
      <line num="2" type="stmt" count="0"/>
      <line num="3" type="stmt" count="0"/>
      <line num="5" type="stmt" count="0"/>
      <line num="6" type="stmt" count="0"/>
      <line num="7" type="stmt" count="0"/>
      <line num="8" type="stmt" count="0"/>
      <line num="9" type="stmt" count="0"/>
      <line num="10" type="stmt" count="0"/>
      <line num="11" type="stmt" count="0"/>
      <line num="12" type="stmt" count="0"/>
      <line num="13" type="stmt" count="0"/>
      <line num="14" type="stmt" count="0"/>
      <line num="16" type="stmt" count="0"/>
      <line num="17" type="stmt" count="0"/>
      <line num="18" type="stmt" count="0"/>
      <line num="19" type="stmt" count="0"/>
      <line num="21" type="stmt" count="0"/>
      <line num="22" type="stmt" count="0"/>
      <line num="24" type="stmt" count="0"/>
      <line num="25" type="stmt" count="0"/>
      <line num="27" type="stmt" count="0"/>
      <line num="28" type="stmt" count="0"/>
      <line num="30" type="stmt" count="0"/>
      <line num="31" type="stmt" count="0"/>
      <line num="33" type="stmt" count="0"/>
      <line num="34" type="stmt" count="0"/>
      <line num="36" type="stmt" count="0"/>
      <line num="37" type="stmt" count="0"/>
      <line num="38" type="stmt" count="0"/>
      <line num="40" type="stmt" count="0"/>
      <line num="41" type="stmt" count="0"/>
      <line num="42" type="stmt" count="0"/>
      <line num="43" type="stmt" count="0"/>
      <line num="45" type="stmt" count="0"/>
      <line num="46" type="stmt" count="0"/>
      <line num="47" type="stmt" count="0"/>
      <line num="49" type="stmt" count="0"/>
      <line num="51" type="stmt" count="0"/>
      <line num="53" type="stmt" count="0"/>
      <line num="54" type="stmt" count="0"/>
      <metrics loc="53" ncloc="53" classes="0" methods="0" coveredmethods="0" conditionals="0" coveredconditionals="0" statements="40" coveredstatements="0" elements="40" coveredelements="0"/>
    </file>
    <file name="C:\wamp64\www\cinews\application/views/errors/cli/error_404.php">
      <line num="2" type="stmt" count="0"/>
      <line num="4" type="stmt" count="0"/>
      <line num="5" type="stmt" count="0"/>
      <line num="6" type="stmt" count="0"/>
      <line num="7" type="stmt" count="0"/>
      <line num="8" type="stmt" count="0"/>
      <metrics loc="7" ncloc="7" classes="0" methods="0" coveredmethods="0" conditionals="0" coveredconditionals="0" statements="5" coveredstatements="0" elements="5" coveredelements="0"/>
    </file>
    <file name="C:\wamp64\www\cinews\application/views/errors/cli/error_db.php">
      <line num="2" type="stmt" count="0"/>
      <line num="4" type="stmt" count="0"/>
      <line num="5" type="stmt" count="0"/>
      <line num="6" type="stmt" count="0"/>
      <line num="7" type="stmt" count="0"/>
      <line num="8" type="stmt" count="0"/>
      <metrics loc="7" ncloc="7" classes="0" methods="0" coveredmethods="0" conditionals="0" coveredconditionals="0" statements="5" coveredstatements="0" elements="5" coveredelements="0"/>
    </file>
    <file name="C:\wamp64\www\cinews\application/views/errors/cli/error_exception.php">
      <line num="2" type="stmt" count="0"/>
      <line num="5" type="stmt" count="0"/>
      <line num="14" type="stmt" count="0"/>
      <metrics loc="24" ncloc="24" classes="0" methods="0" coveredmethods="0" conditionals="0" coveredconditionals="0" statements="3" coveredstatements="0" elements="3" coveredelements="0"/>
    </file>
    <file name="C:\wamp64\www\cinews\application/views/errors/cli/error_general.php">
      <line num="2" type="stmt" count="0"/>
      <line num="4" type="stmt" count="0"/>
      <line num="5" type="stmt" count="0"/>
      <line num="6" type="stmt" count="0"/>
      <line num="7" type="stmt" count="0"/>
      <line num="8" type="stmt" count="0"/>
      <metrics loc="7" ncloc="7" classes="0" methods="0" coveredmethods="0" conditionals="0" coveredconditionals="0" statements="5" coveredstatements="0" elements="5" coveredelements="0"/>
    </file>
    <file name="C:\wamp64\www\cinews\application/views/errors/cli/error_php.php">
      <line num="2" type="stmt" count="1"/>
      <metrics loc="24" ncloc="24" classes="0" methods="0" coveredmethods="0" conditionals="0" coveredconditionals="0" statements="1" coveredstatements="1" elements="1" coveredelements="1"/>
    </file>
    <file name="C:\wamp64\www\cinews\application/views/errors/html/error_404.php">
      <line num="2" type="stmt" count="0"/>
      <line num="4" type="stmt" count="0"/>
      <line num="5" type="stmt" count="0"/>
      <line num="6" type="stmt" count="0"/>
      <line num="7" type="stmt" count="0"/>
      <line num="8" type="stmt" count="0"/>
      <line num="10" type="stmt" count="0"/>
      <line num="11" type="stmt" count="0"/>
      <line num="13" type="stmt" count="0"/>
      <line num="14" type="stmt" count="0"/>
      <line num="15" type="stmt" count="0"/>
      <line num="16" type="stmt" count="0"/>
      <line num="17" type="stmt" count="0"/>
      <line num="18" type="stmt" count="0"/>
      <line num="20" type="stmt" count="0"/>
      <line num="21" type="stmt" count="0"/>
      <line num="22" type="stmt" count="0"/>
      <line num="23" type="stmt" count="0"/>
      <line num="24" type="stmt" count="0"/>
      <line num="26" type="stmt" count="0"/>
      <line num="27" type="stmt" count="0"/>
      <line num="28" type="stmt" count="0"/>
      <line num="29" type="stmt" count="0"/>
      <line num="30" type="stmt" count="0"/>
      <line num="31" type="stmt" count="0"/>
      <line num="32" type="stmt" count="0"/>
      <line num="33" type="stmt" count="0"/>
      <line num="34" type="stmt" count="0"/>
      <line num="36" type="stmt" count="0"/>
      <line num="37" type="stmt" count="0"/>
      <line num="38" type="stmt" count="0"/>
      <line num="39" type="stmt" count="0"/>
      <line num="40" type="stmt" count="0"/>
      <line num="41" type="stmt" count="0"/>
      <line num="42" type="stmt" count="0"/>
      <line num="43" type="stmt" count="0"/>
      <line num="44" type="stmt" count="0"/>
      <line num="45" type="stmt" count="0"/>
      <line num="47" type="stmt" count="0"/>
      <line num="48" type="stmt" count="0"/>
      <line num="49" type="stmt" count="0"/>
      <line num="50" type="stmt" count="0"/>
      <line num="51" type="stmt" count="0"/>
      <line num="53" type="stmt" count="0"/>
      <line num="54" type="stmt" count="0"/>
      <line num="55" type="stmt" count="0"/>
      <line num="56" type="stmt" count="0"/>
      <line num="57" type="stmt" count="0"/>
      <line num="58" type="stmt" count="0"/>
      <line num="59" type="stmt" count="0"/>
      <line num="62" type="stmt" count="0"/>
      <line num="63" type="stmt" count="0"/>
      <line num="64" type="stmt" count="0"/>
      <metrics loc="63" ncloc="63" classes="0" methods="0" coveredmethods="0" conditionals="0" coveredconditionals="0" statements="52" coveredstatements="0" elements="52" coveredelements="0"/>
    </file>
    <file name="C:\wamp64\www\cinews\application/views/errors/html/error_db.php">
      <line num="2" type="stmt" count="0"/>
      <line num="4" type="stmt" count="0"/>
      <line num="5" type="stmt" count="0"/>
      <line num="6" type="stmt" count="0"/>
      <line num="7" type="stmt" count="0"/>
      <line num="8" type="stmt" count="0"/>
      <line num="10" type="stmt" count="0"/>
      <line num="11" type="stmt" count="0"/>
      <line num="13" type="stmt" count="0"/>
      <line num="14" type="stmt" count="0"/>
      <line num="15" type="stmt" count="0"/>
      <line num="16" type="stmt" count="0"/>
      <line num="17" type="stmt" count="0"/>
      <line num="18" type="stmt" count="0"/>
      <line num="20" type="stmt" count="0"/>
      <line num="21" type="stmt" count="0"/>
      <line num="22" type="stmt" count="0"/>
      <line num="23" type="stmt" count="0"/>
      <line num="24" type="stmt" count="0"/>
      <line num="26" type="stmt" count="0"/>
      <line num="27" type="stmt" count="0"/>
      <line num="28" type="stmt" count="0"/>
      <line num="29" type="stmt" count="0"/>
      <line num="30" type="stmt" count="0"/>
      <line num="31" type="stmt" count="0"/>
      <line num="32" type="stmt" count="0"/>
      <line num="33" type="stmt" count="0"/>
      <line num="34" type="stmt" count="0"/>
      <line num="36" type="stmt" count="0"/>
      <line num="37" type="stmt" count="0"/>
      <line num="38" type="stmt" count="0"/>
      <line num="39" type="stmt" count="0"/>
      <line num="40" type="stmt" count="0"/>
      <line num="41" type="stmt" count="0"/>
      <line num="42" type="stmt" count="0"/>
      <line num="43" type="stmt" count="0"/>
      <line num="44" type="stmt" count="0"/>
      <line num="45" type="stmt" count="0"/>
      <line num="47" type="stmt" count="0"/>
      <line num="48" type="stmt" count="0"/>
      <line num="49" type="stmt" count="0"/>
      <line num="50" type="stmt" count="0"/>
      <line num="51" type="stmt" count="0"/>
      <line num="53" type="stmt" count="0"/>
      <line num="54" type="stmt" count="0"/>
      <line num="55" type="stmt" count="0"/>
      <line num="56" type="stmt" count="0"/>
      <line num="57" type="stmt" count="0"/>
      <line num="58" type="stmt" count="0"/>
      <line num="59" type="stmt" count="0"/>
      <line num="62" type="stmt" count="0"/>
      <line num="63" type="stmt" count="0"/>
      <line num="64" type="stmt" count="0"/>
      <metrics loc="63" ncloc="63" classes="0" methods="0" coveredmethods="0" conditionals="0" coveredconditionals="0" statements="52" coveredstatements="0" elements="52" coveredelements="0"/>
    </file>
    <file name="C:\wamp64\www\cinews\application/views/errors/html/error_exception.php">
      <line num="2" type="stmt" count="0"/>
      <line num="5" type="stmt" count="0"/>
      <line num="7" type="stmt" count="0"/>
      <line num="16" type="stmt" count="0"/>
      <line num="21" type="stmt" count="0"/>
      <line num="25" type="stmt" count="0"/>
      <line num="32" type="stmt" count="0"/>
      <metrics loc="31" ncloc="31" classes="0" methods="0" coveredmethods="0" conditionals="0" coveredconditionals="0" statements="6" coveredstatements="0" elements="6" coveredelements="0"/>
    </file>
    <file name="C:\wamp64\www\cinews\application/views/errors/html/error_general.php">
      <line num="2" type="stmt" count="0"/>
      <line num="4" type="stmt" count="0"/>
      <line num="5" type="stmt" count="0"/>
      <line num="6" type="stmt" count="0"/>
      <line num="7" type="stmt" count="0"/>
      <line num="8" type="stmt" count="0"/>
      <line num="10" type="stmt" count="0"/>
      <line num="11" type="stmt" count="0"/>
      <line num="13" type="stmt" count="0"/>
      <line num="14" type="stmt" count="0"/>
      <line num="15" type="stmt" count="0"/>
      <line num="16" type="stmt" count="0"/>
      <line num="17" type="stmt" count="0"/>
      <line num="18" type="stmt" count="0"/>
      <line num="20" type="stmt" count="0"/>
      <line num="21" type="stmt" count="0"/>
      <line num="22" type="stmt" count="0"/>
      <line num="23" type="stmt" count="0"/>
      <line num="24" type="stmt" count="0"/>
      <line num="26" type="stmt" count="0"/>
      <line num="27" type="stmt" count="0"/>
      <line num="28" type="stmt" count="0"/>
      <line num="29" type="stmt" count="0"/>
      <line num="30" type="stmt" count="0"/>
      <line num="31" type="stmt" count="0"/>
      <line num="32" type="stmt" count="0"/>
      <line num="33" type="stmt" count="0"/>
      <line num="34" type="stmt" count="0"/>
      <line num="36" type="stmt" count="0"/>
      <line num="37" type="stmt" count="0"/>
      <line num="38" type="stmt" count="0"/>
      <line num="39" type="stmt" count="0"/>
      <line num="40" type="stmt" count="0"/>
      <line num="41" type="stmt" count="0"/>
      <line num="42" type="stmt" count="0"/>
      <line num="43" type="stmt" count="0"/>
      <line num="44" type="stmt" count="0"/>
      <line num="45" type="stmt" count="0"/>
      <line num="47" type="stmt" count="0"/>
      <line num="48" type="stmt" count="0"/>
      <line num="49" type="stmt" count="0"/>
      <line num="50" type="stmt" count="0"/>
      <line num="51" type="stmt" count="0"/>
      <line num="53" type="stmt" count="0"/>
      <line num="54" type="stmt" count="0"/>
      <line num="55" type="stmt" count="0"/>
      <line num="56" type="stmt" count="0"/>
      <line num="57" type="stmt" count="0"/>
      <line num="58" type="stmt" count="0"/>
      <line num="59" type="stmt" count="0"/>
      <line num="62" type="stmt" count="0"/>
      <line num="63" type="stmt" count="0"/>
      <line num="64" type="stmt" count="0"/>
      <metrics loc="63" ncloc="63" classes="0" methods="0" coveredmethods="0" conditionals="0" coveredconditionals="0" statements="52" coveredstatements="0" elements="52" coveredelements="0"/>
    </file>
    <file name="C:\wamp64\www\cinews\application/views/errors/html/error_php.php">
      <line num="2" type="stmt" count="0"/>
      <line num="5" type="stmt" count="0"/>
      <line num="7" type="stmt" count="0"/>
      <line num="16" type="stmt" count="0"/>
      <line num="21" type="stmt" count="0"/>
      <line num="25" type="stmt" count="0"/>
      <line num="33" type="stmt" count="0"/>
      <metrics loc="32" ncloc="32" classes="0" methods="0" coveredmethods="0" conditionals="0" coveredconditionals="0" statements="6" coveredstatements="0" elements="6" coveredelements="0"/>
    </file>
    <metrics files="46" loc="3866" ncloc="3107" classes="15" methods="115" coveredmethods="26" conditionals="0" coveredconditionals="0" statements="1609" coveredstatements="654" elements="1724" coveredelements="680"/>
  </project>
</coverage>
